Using pre-set license
Built from '2021.3/staging' branch; Version is '2021.3.10f1 (1c7d0df0160b) revision 1867021'; Using compiler version '192829333'; Build Type 'Release'
OS: 'Windows 10  (10.0.19045) 64bit Core' Language: 'en' Physical Memory: 8072 MB
BatchMode: 1, IsHumanControllingUs: 0, StartBugReporterOnCrash: 0, Is64bit: 1, IsPro: 1

COMMAND LINE ARGUMENTS:
D:\UNITY\editor\2021.3.10f1\Editor\Unity.exe
-adb2
-batchMode
-noUpm
-name
AssetImportWorker11
-projectPath
D:/Program Files/Git/bin/Astro/planet
-logFile
Logs/AssetImportWorker11.log
-srvPort
62423
Successfully changed project path to: D:/Program Files/Git/bin/Astro/planet
D:/Program Files/Git/bin/Astro/planet
[UnityMemory] Configuration Parameters - Can be set up in boot.config
    "memorysetup-bucket-allocator-granularity=16"
    "memorysetup-bucket-allocator-bucket-count=8"
    "memorysetup-bucket-allocator-block-size=33554432"
    "memorysetup-bucket-allocator-block-count=8"
    "memorysetup-main-allocator-block-size=16777216"
    "memorysetup-thread-allocator-block-size=16777216"
    "memorysetup-gfx-main-allocator-block-size=16777216"
    "memorysetup-gfx-thread-allocator-block-size=16777216"
    "memorysetup-cache-allocator-block-size=4194304"
    "memorysetup-typetree-allocator-block-size=2097152"
    "memorysetup-profiler-bucket-allocator-granularity=16"
    "memorysetup-profiler-bucket-allocator-bucket-count=8"
    "memorysetup-profiler-bucket-allocator-block-size=33554432"
    "memorysetup-profiler-bucket-allocator-block-count=8"
    "memorysetup-profiler-allocator-block-size=16777216"
    "memorysetup-profiler-editor-allocator-block-size=1048576"
    "memorysetup-temp-allocator-size-main=16777216"
    "memorysetup-job-temp-allocator-block-size=2097152"
    "memorysetup-job-temp-allocator-block-size-background=1048576"
    "memorysetup-job-temp-allocator-reduction-small-platforms=262144"
    "memorysetup-temp-allocator-size-background-worker=32768"
    "memorysetup-temp-allocator-size-job-worker=262144"
    "memorysetup-temp-allocator-size-preload-manager=33554432"
    "memorysetup-temp-allocator-size-nav-mesh-worker=65536"
    "memorysetup-temp-allocator-size-audio-worker=65536"
    "memorysetup-temp-allocator-size-cloud-worker=32768"
    "memorysetup-temp-allocator-size-gi-baking-worker=262144"
    "memorysetup-temp-allocator-size-gfx=262144"
Refreshing native plugins compatible for Editor in 802.13 ms, found 4 plugins.
Preloading 0 native plugins for Editor in 0.00 ms.
Initialize engine version: 2021.3.10f1 (1c7d0df0160b)
[Subsystems] Discovering subsystems at path D:/UNITY/editor/2021.3.10f1/Editor/Data/Resources/UnitySubsystems
[Subsystems] Discovering subsystems at path D:/Program Files/Git/bin/Astro/planet/Assets
GfxDevice: creating device client; threaded=0; jobified=0
Direct3D:
    Version:  Direct3D 11.0 [level 11.1]
    Renderer: Intel(R) HD Graphics 615 (ID=0x591e)
    Vendor:   Intel
    VRAM:     4036 MB
    Driver:   31.0.101.2111
Initialize mono
Mono path[0] = 'D:/UNITY/editor/2021.3.10f1/Editor/Data/Managed'
Mono path[1] = 'D:/UNITY/editor/2021.3.10f1/Editor/Data/MonoBleedingEdge/lib/mono/unityjit-win32'
Mono config path = 'D:/UNITY/editor/2021.3.10f1/Editor/Data/MonoBleedingEdge/etc'
Using monoOptions --debugger-agent=transport=dt_socket,embedding=1,server=y,suspend=n,address=127.0.0.1:56660
Begin MonoManager ReloadAssembly
Registering precompiled unity dll's ...
Register platform support module: D:/UNITY/editor/2021.3.10f1/Editor/Data/PlaybackEngines/WebGLSupport/UnityEditor.WebGL.Extensions.dll
Register platform support module: D:/UNITY/editor/2021.3.10f1/Editor/Data/PlaybackEngines/AndroidPlayer/UnityEditor.Android.Extensions.dll
Register platform support module: D:/UNITY/editor/2021.3.10f1/Editor/Data/PlaybackEngines/iOSSupport/UnityEditor.iOS.Extensions.dll
Register platform support module: D:/UNITY/editor/2021.3.10f1/Editor/Data/PlaybackEngines/WindowsStandaloneSupport/UnityEditor.WindowsStandalone.Extensions.dll
Registered in 0.089434 seconds.
Native extension for WindowsStandalone target not found
[usbmuxd] Start listen thread
[usbmuxd] Listen thread started
[usbmuxd] Send listen message
Native extension for iOS target not found
Native extension for Android target not found
Native extension for WebGL target not found
Refreshing native plugins compatible for Editor in 410.79 ms, found 4 plugins.
Preloading 0 native plugins for Editor in 0.00 ms.
Mono: successfully reloaded assembly
- Completed reload, in  4.558 seconds
Domain Reload Profiling:
	ReloadAssembly (4560ms)
		BeginReloadAssembly (1027ms)
			ExecutionOrderSort (0ms)
			DisableScriptedObjects (0ms)
			BackupInstance (0ms)
			ReleaseScriptingObjects (0ms)
			CreateAndSetChildDomain (2ms)
		EndReloadAssembly (2790ms)
			LoadAssemblies (945ms)
			RebuildTransferFunctionScriptingTraits (0ms)
			SetupTypeCache (546ms)
			ReleaseScriptCaches (0ms)
			RebuildScriptCaches (170ms)
			SetupLoadedEditorAssemblies (1750ms)
				LogAssemblyErrors (0ms)
				InitializePlatformSupportModulesInManaged (298ms)
				SetLoadedEditorAssemblies (1ms)
				RefreshPlugins (411ms)
				BeforeProcessingInitializeOnLoad (3ms)
				ProcessInitializeOnLoadAttributes (609ms)
				ProcessInitializeOnLoadMethodAttributes (426ms)
				AfterProcessingInitializeOnLoad (0ms)
				EditorAssembliesLoaded (0ms)
			ExecutionOrderSort2 (0ms)
			AwakeInstancesAfterBackupRestoration (0ms)
Platform modules already initialized, skipping
Registering precompiled user dll's ...
Registered in 0.071212 seconds.
Begin MonoManager ReloadAssembly
Symbol file LoadedFromMemory doesn't match image D:\Program Files\Git\bin\Astro\planet\Library\PackageCache\com.unity.visualscripting@1.7.8\Editor\VisualScripting.Core\Dependencies\YamlDotNet\Unity.VisualScripting.YamlDotNet.dll
Symbol file LoadedFromMemory doesn't match image D:\Program Files\Git\bin\Astro\planet\Library\PackageCache\com.unity.visualscripting@1.7.8\Editor\VisualScripting.Core\Dependencies\DotNetZip\Unity.VisualScripting.IonicZip.dll
Native extension for WindowsStandalone target not found
Native extension for iOS target not found
Native extension for Android target not found
Native extension for WebGL target not found
Refreshing native plugins compatible for Editor in 316.64 ms, found 4 plugins.
Preloading 0 native plugins for Editor in 0.00 ms.
Mono: successfully reloaded assembly
- Completed reload, in  6.832 seconds
Domain Reload Profiling:
	ReloadAssembly (6836ms)
		BeginReloadAssembly (1061ms)
			ExecutionOrderSort (0ms)
			DisableScriptedObjects (26ms)
			BackupInstance (0ms)
			ReleaseScriptingObjects (0ms)
			CreateAndSetChildDomain (168ms)
		EndReloadAssembly (5207ms)
			LoadAssemblies (1097ms)
			RebuildTransferFunctionScriptingTraits (0ms)
			SetupTypeCache (1281ms)
			ReleaseScriptCaches (1ms)
			RebuildScriptCaches (200ms)
			SetupLoadedEditorAssemblies (2768ms)
				LogAssemblyErrors (0ms)
				InitializePlatformSupportModulesInManaged (170ms)
				SetLoadedEditorAssemblies (1ms)
				RefreshPlugins (317ms)
				BeforeProcessingInitializeOnLoad (614ms)
				ProcessInitializeOnLoadAttributes (1388ms)
				ProcessInitializeOnLoadMethodAttributes (179ms)
				AfterProcessingInitializeOnLoad (98ms)
				EditorAssembliesLoaded (1ms)
			ExecutionOrderSort2 (0ms)
			AwakeInstancesAfterBackupRestoration (57ms)
Platform modules already initialized, skipping
========================================================================
Worker process is ready to serve import requests
Launched and connected shader compiler UnityShaderCompiler.exe after 0.26 seconds
Refreshing native plugins compatible for Editor in 1.79 ms, found 4 plugins.
Preloading 0 native plugins for Editor in 0.00 ms.
Unloading 4410 Unused Serialized files (Serialized files now loaded: 0)
Unloading 53 unused Assets / (1.4 MB). Loaded Objects now: 4855.
Memory consumption went from 173.6 MB to 172.2 MB.
Total: 7.306900 ms (FindLiveObjects: 0.601800 ms CreateObjectMapping: 0.466400 ms MarkObjects: 4.786100 ms  DeleteObjects: 1.451200 ms)

AssetImportParameters requested are different than current active one (requested -> active):
  custom:video-decoder-ogg-theora: a1e56fd34408186e4bbccfd4996cb3dc -> 
  custom:container-muxer-webm: aa71ff27fc2769a1b78a27578f13a17b -> 
  custom:container-demuxer-webm: 4f35f7cbe854078d1ac9338744f61a02 -> 
  custom:video-encoder-webm-vp8: eb34c28f22e8b96e1ab97ce403110664 -> 
  custom:video-codec-MediaFoundation-h265: 746d11721c4dcdbdad8f713fa42b33f4 -> 
  custom:audio-encoder-webm-vorbis: bf7c407c2cedff20999df2af8eb42d56 -> 
  custom:framework-win-MediaFoundation: 216162199b28c13a410421893ffa2e32 -> 
  custom:container-demuxer-ogg: 62fdf1f143b41e24485cea50d1cbac27 -> 
  custom:video-decoder-webm-vp8: 9c59270c3fd7afecdb556c50c9e8de78 -> 
  custom:audio-decoder-ogg-vorbis: bf7c407c2cedff20999df2af8eb42d56 -> 
========================================================================
Received Import Request.
  Time since last request: 88306.595291 seconds.
  path: Assets/02.Prefab/health.prefab
  artifactKey: Guid(14f601d6a8242b2479c1e69222a55d95) Importer(815301076,1909f56bfc062723c751e8b465ee728b)
Start importing Assets/02.Prefab/health.prefab using Guid(14f601d6a8242b2479c1e69222a55d95) Importer(815301076,1909f56bfc062723c751e8b465ee728b)  -> (artifact id: 'c807e97e90c4a16b8a5b406323646846') in 0.262773 seconds 
========================================================================
Received Import Request.
  Time since last request: 0.000036 seconds.
  path: Assets/02.Prefab/Bullet.prefab
  artifactKey: Guid(83be4316ed9141e44a738909c5c11f8f) Importer(815301076,1909f56bfc062723c751e8b465ee728b)
Start importing Assets/02.Prefab/Bullet.prefab using Guid(83be4316ed9141e44a738909c5c11f8f) Importer(815301076,1909f56bfc062723c751e8b465ee728b)  -> (artifact id: '0ec281e1a7f3755fff0b8c7ad492a32e') in 0.484794 seconds 
========================================================================
Received Import Request.
  Time since last request: 0.000044 seconds.
  path: Assets/02.Prefab/Spine GameObject (Turret_1) 1.prefab
  artifactKey: Guid(de3467b640108bb49a0e95d3d82f5295) Importer(815301076,1909f56bfc062723c751e8b465ee728b)
Start importing Assets/02.Prefab/Spine GameObject (Turret_1) 1.prefab using Guid(de3467b640108bb49a0e95d3d82f5295) Importer(815301076,1909f56bfc062723c751e8b465ee728b)  -> (artifact id: 'a17f6055724ca887fdb0c2c97db55dc5') in 1.255921 seconds 
========================================================================
Received Import Request.
  Time since last request: 0.000036 seconds.
  path: Assets/02.Prefab/Planet Size 01.prefab
  artifactKey: Guid(d2f547d35fd0ab74d887b2d7f3e9f94a) Importer(815301076,1909f56bfc062723c751e8b465ee728b)
Start importing Assets/02.Prefab/Planet Size 01.prefab using Guid(d2f547d35fd0ab74d887b2d7f3e9f94a) Importer(815301076,1909f56bfc062723c751e8b465ee728b)  -> (artifact id: '09e89b09206c9b309c9154f449a43f9e') in 0.044175 seconds 
========================================================================
Received Import Request.
  Time since last request: 82.435872 seconds.
  path: Assets/TextMesh Pro/Examples & Extras/Resources/Color Gradient Presets/Blue to Purple - Vertical.asset
  artifactKey: Guid(479a66fa4b094512a62b0a8e553ad95a) Importer(815301076,1909f56bfc062723c751e8b465ee728b)
Start importing Assets/TextMesh Pro/Examples & Extras/Resources/Color Gradient Presets/Blue to Purple - Vertical.asset using Guid(479a66fa4b094512a62b0a8e553ad95a) Importer(815301076,1909f56bfc062723c751e8b465ee728b)  -> (artifact id: '2936098622c9c2249f11dc9b8685cc61') in 0.152397 seconds 
========================================================================
Received Import Request.
  Time since last request: 0.000049 seconds.
  path: Assets/TextMesh Pro/Examples & Extras/Resources/Color Gradient Presets/Yellow to Orange - Vertical.asset
  artifactKey: Guid(69a525efa7e6472eab268f6ea605f06e) Importer(815301076,1909f56bfc062723c751e8b465ee728b)
Start importing Assets/TextMesh Pro/Examples & Extras/Resources/Color Gradient Presets/Yellow to Orange - Vertical.asset using Guid(69a525efa7e6472eab268f6ea605f06e) Importer(815301076,1909f56bfc062723c751e8b465ee728b)  -> (artifact id: '8566612ca4e82b97ed5aa2f4ff4e8e21') in 0.027665 seconds 
========================================================================
Received Import Request.
  Time since last request: 0.000043 seconds.
  path: Assets/gold.asset
  artifactKey: Guid(eadb3086f035f1d4487930b30ac753e1) Importer(815301076,1909f56bfc062723c751e8b465ee728b)
Start importing Assets/gold.asset using Guid(eadb3086f035f1d4487930b30ac753e1) Importer(815301076,1909f56bfc062723c751e8b465ee728b)  -> (artifact id: 'bddbbc65cc3ed073678ebfb8dd863f22') in 0.045567 seconds 
========================================================================
Received Prepare
Registering precompiled user dll's ...
Registered in 0.032398 seconds.
Begin MonoManager ReloadAssembly
Symbol file LoadedFromMemory doesn't match image D:\Program Files\Git\bin\Astro\planet\Library\PackageCache\com.unity.visualscripting@1.7.8\Editor\VisualScripting.Core\Dependencies\YamlDotNet\Unity.VisualScripting.YamlDotNet.dll
Symbol file LoadedFromMemory doesn't match image D:\Program Files\Git\bin\Astro\planet\Library\PackageCache\com.unity.visualscripting@1.7.8\Editor\VisualScripting.Core\Dependencies\DotNetZip\Unity.VisualScripting.IonicZip.dll
Native extension for WindowsStandalone target not found
Native extension for iOS target not found
Native extension for Android target not found
Native extension for WebGL target not found
Refreshing native plugins compatible for Editor in 3.52 ms, found 4 plugins.
Preloading 0 native plugins for Editor in 0.00 ms.
Mono: successfully reloaded assembly
- Completed reload, in 10.187 seconds
Domain Reload Profiling:
	ReloadAssembly (10191ms)
		BeginReloadAssembly (1313ms)
			ExecutionOrderSort (0ms)
			DisableScriptedObjects (56ms)
			BackupInstance (0ms)
			ReleaseScriptingObjects (1ms)
			CreateAndSetChildDomain (158ms)
		EndReloadAssembly (7928ms)
			LoadAssemblies (1218ms)
			RebuildTransferFunctionScriptingTraits (0ms)
			SetupTypeCache (2070ms)
			ReleaseScriptCaches (13ms)
			RebuildScriptCaches (320ms)
			SetupLoadedEditorAssemblies (4203ms)
				LogAssemblyErrors (0ms)
				InitializePlatformSupportModulesInManaged (168ms)
				SetLoadedEditorAssemblies (1ms)
				RefreshPlugins (4ms)
				BeforeProcessingInitializeOnLoad (1358ms)
				ProcessInitializeOnLoadAttributes (2119ms)
				ProcessInitializeOnLoadMethodAttributes (370ms)
				AfterProcessingInitializeOnLoad (181ms)
				EditorAssembliesLoaded (1ms)
			ExecutionOrderSort2 (0ms)
			AwakeInstancesAfterBackupRestoration (168ms)
Platform modules already initialized, skipping
Refreshing native plugins compatible for Editor in 18.58 ms, found 4 plugins.
Preloading 0 native plugins for Editor in 0.00 ms.
Unloading 4358 Unused Serialized files (Serialized files now loaded: 0)
Unloading 43 unused Assets / (1.4 MB). Loaded Objects now: 4869.
Memory consumption went from 173.3 MB to 171.9 MB.
Total: 30.491000 ms (FindLiveObjects: 0.773100 ms CreateObjectMapping: 0.743400 ms MarkObjects: 24.789900 ms  DeleteObjects: 4.180800 ms)

AssetImportParameters requested are different than current active one (requested -> active):
  custom:video-decoder-ogg-theora: a1e56fd34408186e4bbccfd4996cb3dc -> 
  custom:container-muxer-webm: aa71ff27fc2769a1b78a27578f13a17b -> 
  custom:container-demuxer-webm: 4f35f7cbe854078d1ac9338744f61a02 -> 
  custom:video-encoder-webm-vp8: eb34c28f22e8b96e1ab97ce403110664 -> 
  custom:video-codec-MediaFoundation-h265: 746d11721c4dcdbdad8f713fa42b33f4 -> 
  custom:audio-encoder-webm-vorbis: bf7c407c2cedff20999df2af8eb42d56 -> 
  custom:framework-win-MediaFoundation: 216162199b28c13a410421893ffa2e32 -> 
  custom:container-demuxer-ogg: 62fdf1f143b41e24485cea50d1cbac27 -> 
  custom:video-decoder-webm-vp8: 9c59270c3fd7afecdb556c50c9e8de78 -> 
  custom:audio-decoder-ogg-vorbis: bf7c407c2cedff20999df2af8eb42d56 -> 
========================================================================
Received Prepare
Registering precompiled user dll's ...
Registered in 0.296884 seconds.
Begin MonoManager ReloadAssembly
Symbol file LoadedFromMemory doesn't match image D:\Program Files\Git\bin\Astro\planet\Library\PackageCache\com.unity.visualscripting@1.7.8\Editor\VisualScripting.Core\Dependencies\YamlDotNet\Unity.VisualScripting.YamlDotNet.dll
Symbol file LoadedFromMemory doesn't match image D:\Program Files\Git\bin\Astro\planet\Library\PackageCache\com.unity.visualscripting@1.7.8\Editor\VisualScripting.Core\Dependencies\DotNetZip\Unity.VisualScripting.IonicZip.dll
Native extension for WindowsStandalone target not found
Native extension for iOS target not found
Native extension for Android target not found
Native extension for WebGL target not found
Refreshing native plugins compatible for Editor in 5.33 ms, found 4 plugins.
Preloading 0 native plugins for Editor in 0.00 ms.
Mono: successfully reloaded assembly
- Completed reload, in  9.384 seconds
Domain Reload Profiling:
	ReloadAssembly (9392ms)
		BeginReloadAssembly (2338ms)
			ExecutionOrderSort (0ms)
			DisableScriptedObjects (44ms)
			BackupInstance (0ms)
			ReleaseScriptingObjects (1ms)
			CreateAndSetChildDomain (601ms)
		EndReloadAssembly (5601ms)
			LoadAssemblies (1962ms)
			RebuildTransferFunctionScriptingTraits (0ms)
			SetupTypeCache (2508ms)
			ReleaseScriptCaches (5ms)
			RebuildScriptCaches (227ms)
			SetupLoadedEditorAssemblies (1680ms)
				LogAssemblyErrors (0ms)
				InitializePlatformSupportModulesInManaged (255ms)
				SetLoadedEditorAssemblies (3ms)
				RefreshPlugins (6ms)
				BeforeProcessingInitializeOnLoad (536ms)
				ProcessInitializeOnLoadAttributes (681ms)
				ProcessInitializeOnLoadMethodAttributes (128ms)
				AfterProcessingInitializeOnLoad (71ms)
				EditorAssembliesLoaded (1ms)
			ExecutionOrderSort2 (0ms)
			AwakeInstancesAfterBackupRestoration (70ms)
Platform modules already initialized, skipping
Refreshing native plugins compatible for Editor in 12.99 ms, found 4 plugins.
Preloading 0 native plugins for Editor in 0.00 ms.
Unloading 4358 Unused Serialized files (Serialized files now loaded: 0)
Unloading 40 unused Assets / (1.4 MB). Loaded Objects now: 4872.
Memory consumption went from 173.3 MB to 171.9 MB.
Total: 8.914900 ms (FindLiveObjects: 0.791600 ms CreateObjectMapping: 0.700600 ms MarkObjects: 5.740800 ms  DeleteObjects: 1.679600 ms)

AssetImportParameters requested are different than current active one (requested -> active):
  custom:video-decoder-ogg-theora: a1e56fd34408186e4bbccfd4996cb3dc -> 
  custom:container-muxer-webm: aa71ff27fc2769a1b78a27578f13a17b -> 
  custom:container-demuxer-webm: 4f35f7cbe854078d1ac9338744f61a02 -> 
  custom:video-encoder-webm-vp8: eb34c28f22e8b96e1ab97ce403110664 -> 
  custom:video-codec-MediaFoundation-h265: 746d11721c4dcdbdad8f713fa42b33f4 -> 
  custom:audio-encoder-webm-vorbis: bf7c407c2cedff20999df2af8eb42d56 -> 
  custom:framework-win-MediaFoundation: 216162199b28c13a410421893ffa2e32 -> 
  custom:container-demuxer-ogg: 62fdf1f143b41e24485cea50d1cbac27 -> 
  custom:video-decoder-webm-vp8: 9c59270c3fd7afecdb556c50c9e8de78 -> 
  custom:audio-decoder-ogg-vorbis: bf7c407c2cedff20999df2af8eb42d56 -> 
========================================================================
Received Prepare
Registering precompiled user dll's ...
Registered in 0.049147 seconds.
Begin MonoManager ReloadAssembly
Symbol file LoadedFromMemory doesn't match image D:\Program Files\Git\bin\Astro\planet\Library\PackageCache\com.unity.visualscripting@1.7.8\Editor\VisualScripting.Core\Dependencies\YamlDotNet\Unity.VisualScripting.YamlDotNet.dll
Symbol file LoadedFromMemory doesn't match image D:\Program Files\Git\bin\Astro\planet\Library\PackageCache\com.unity.visualscripting@1.7.8\Editor\VisualScripting.Core\Dependencies\DotNetZip\Unity.VisualScripting.IonicZip.dll
Native extension for WindowsStandalone target not found
Native extension for iOS target not found
Native extension for Android target not found
Native extension for WebGL target not found
Refreshing native plugins compatible for Editor in 3.14 ms, found 4 plugins.
Preloading 0 native plugins for Editor in 0.00 ms.
Mono: successfully reloaded assembly
- Completed reload, in 13.645 seconds
Domain Reload Profiling:
	ReloadAssembly (13647ms)
		BeginReloadAssembly (2236ms)
			ExecutionOrderSort (0ms)
			DisableScriptedObjects (101ms)
			BackupInstance (0ms)
			ReleaseScriptingObjects (0ms)
			CreateAndSetChildDomain (444ms)
		EndReloadAssembly (9992ms)
			LoadAssemblies (1955ms)
			RebuildTransferFunctionScriptingTraits (0ms)
			SetupTypeCache (2949ms)
			ReleaseScriptCaches (12ms)
			RebuildScriptCaches (739ms)
			SetupLoadedEditorAssemblies (4124ms)
				LogAssemblyErrors (0ms)
				InitializePlatformSupportModulesInManaged (620ms)
				SetLoadedEditorAssemblies (4ms)
				RefreshPlugins (4ms)
				BeforeProcessingInitializeOnLoad (1231ms)
				ProcessInitializeOnLoadAttributes (1918ms)
				ProcessInitializeOnLoadMethodAttributes (209ms)
				AfterProcessingInitializeOnLoad (137ms)
				EditorAssembliesLoaded (1ms)
			ExecutionOrderSort2 (0ms)
			AwakeInstancesAfterBackupRestoration (146ms)
Platform modules already initialized, skipping
Refreshing native plugins compatible for Editor in 12.25 ms, found 4 plugins.
Preloading 0 native plugins for Editor in 0.00 ms.
Unloading 4358 Unused Serialized files (Serialized files now loaded: 0)
Unloading 40 unused Assets / (1.4 MB). Loaded Objects now: 4875.
Memory consumption went from 173.3 MB to 171.9 MB.
Total: 11.962200 ms (FindLiveObjects: 2.055000 ms CreateObjectMapping: 0.928800 ms MarkObjects: 6.657900 ms  DeleteObjects: 2.318000 ms)

AssetImportParameters requested are different than current active one (requested -> active):
  custom:video-decoder-ogg-theora: a1e56fd34408186e4bbccfd4996cb3dc -> 
  custom:container-muxer-webm: aa71ff27fc2769a1b78a27578f13a17b -> 
  custom:container-demuxer-webm: 4f35f7cbe854078d1ac9338744f61a02 -> 
  custom:video-encoder-webm-vp8: eb34c28f22e8b96e1ab97ce403110664 -> 
  custom:video-codec-MediaFoundation-h265: 746d11721c4dcdbdad8f713fa42b33f4 -> 
  custom:audio-encoder-webm-vorbis: bf7c407c2cedff20999df2af8eb42d56 -> 
  custom:framework-win-MediaFoundation: 216162199b28c13a410421893ffa2e32 -> 
  custom:container-demuxer-ogg: 62fdf1f143b41e24485cea50d1cbac27 -> 
  custom:video-decoder-webm-vp8: 9c59270c3fd7afecdb556c50c9e8de78 -> 
  custom:audio-decoder-ogg-vorbis: bf7c407c2cedff20999df2af8eb42d56 -> 
========================================================================
Received Import Request.
  Time since last request: 431.244177 seconds.
  path: Assets/UI Images/back_arrow.png
  artifactKey: Guid(261c17008e993a34080d2a278a034603) Importer(815301076,1909f56bfc062723c751e8b465ee728b)
Start importing Assets/UI Images/back_arrow.png using Guid(261c17008e993a34080d2a278a034603) Importer(815301076,1909f56bfc062723c751e8b465ee728b)  -> (artifact id: 'a70ea9b34a84fdbbdf4e8289db562af3') in 0.901280 seconds 
========================================================================
Received Import Request.
  Time since last request: 0.000049 seconds.
  path: Assets/UI Images/KakaoTalk_20230518_200432202.jpg
  artifactKey: Guid(4df88f2d06c63f14ebac24428e834fe1) Importer(815301076,1909f56bfc062723c751e8b465ee728b)
Start importing Assets/UI Images/KakaoTalk_20230518_200432202.jpg using Guid(4df88f2d06c63f14ebac24428e834fe1) Importer(815301076,1909f56bfc062723c751e8b465ee728b)  -> (artifact id: 'b58eafea554ed6e6c3dbdf9c14cb1916') in 0.246929 seconds 
========================================================================
Received Import Request.
  Time since last request: 0.000054 seconds.
  path: Assets/UI Images/KakaoTalk_20230518_200432202_01.jpg
  artifactKey: Guid(3fdbf19bf878cb14faaaa403bead6d2c) Importer(815301076,1909f56bfc062723c751e8b465ee728b)
Start importing Assets/UI Images/KakaoTalk_20230518_200432202_01.jpg using Guid(3fdbf19bf878cb14faaaa403bead6d2c) Importer(815301076,1909f56bfc062723c751e8b465ee728b)  -> (artifact id: 'dc8ba5d265afd5677c4a04b67147457d') in 0.230153 seconds 
========================================================================
Received Import Request.
  Time since last request: 0.000043 seconds.
  path: Assets/UI Images/cheesesetting.jpg
  artifactKey: Guid(ab86be3eed7892e498928cf11a1477c5) Importer(815301076,1909f56bfc062723c751e8b465ee728b)
Start importing Assets/UI Images/cheesesetting.jpg using Guid(ab86be3eed7892e498928cf11a1477c5) Importer(815301076,1909f56bfc062723c751e8b465ee728b)  -> (artifact id: 'cc9bde778ccdf0e1a2bdb973da9b8e12') in 0.059209 seconds 
========================================================================
Received Import Request.
  Time since last request: 0.003359 seconds.
  path: Assets/UI Images/cheesepuase1 (2).jpg
  artifactKey: Guid(eeff2bea2839dbf4aa84912078a450e1) Importer(815301076,1909f56bfc062723c751e8b465ee728b)
Start importing Assets/UI Images/cheesepuase1 (2).jpg using Guid(eeff2bea2839dbf4aa84912078a450e1) Importer(815301076,1909f56bfc062723c751e8b465ee728b)  -> (artifact id: 'ab2468b98a0654b6e96e42dbc6f54a05') in 0.195901 seconds 
========================================================================
Received Import Request.
  Time since last request: 0.001083 seconds.
  path: Assets/UI Images/background_bar1.png
  artifactKey: Guid(2d6a9946636a9a2479befae36a590b60) Importer(815301076,1909f56bfc062723c751e8b465ee728b)
Start importing Assets/UI Images/background_bar1.png using Guid(2d6a9946636a9a2479befae36a590b60) Importer(815301076,1909f56bfc062723c751e8b465ee728b)  -> (artifact id: 'eb7cac945cd6ecb3b39449acdd1de438') in 0.149479 seconds 
========================================================================
Received Import Request.
  Time since last request: 0.000045 seconds.
  path: Assets/UI Images/garden3_2.png
  artifactKey: Guid(adb05bbe22942ae4da742b442d5cfcbc) Importer(815301076,1909f56bfc062723c751e8b465ee728b)
Start importing Assets/UI Images/garden3_2.png using Guid(adb05bbe22942ae4da742b442d5cfcbc) Importer(815301076,1909f56bfc062723c751e8b465ee728b)  -> (artifact id: '141913280aa9bd3aee07fafd16e23d99') in 0.242442 seconds 
========================================================================
Received Import Request.
  Time since last request: 3.197355 seconds.
  path: Assets/UI Images/mainBckground.jpg
  artifactKey: Guid(2e8c1f6107f047a41ba4ef4cd9fed052) Importer(815301076,1909f56bfc062723c751e8b465ee728b)
Start importing Assets/UI Images/mainBckground.jpg using Guid(2e8c1f6107f047a41ba4ef4cd9fed052) Importer(815301076,1909f56bfc062723c751e8b465ee728b)  -> (artifact id: '257f5847d6b5cb9541d41fea32528c89') in 0.673620 seconds 
========================================================================
Received Import Request.
  Time since last request: 0.000126 seconds.
  path: Assets/UI Images/turret.jpg
  artifactKey: Guid(2120b0f0a2a892e4aa725b0514894af7) Importer(815301076,1909f56bfc062723c751e8b465ee728b)
Start importing Assets/UI Images/turret.jpg using Guid(2120b0f0a2a892e4aa725b0514894af7) Importer(815301076,1909f56bfc062723c751e8b465ee728b)  -> (artifact id: 'c20f5e6db8ebeb0f89bd47f15949f54b') in 0.691009 seconds 
========================================================================
Received Import Request.
  Time since last request: 0.000043 seconds.
  path: Assets/UI Images/커서(노랑).png
  artifactKey: Guid(b122161135122bf4fad573dd7e85f60c) Importer(815301076,1909f56bfc062723c751e8b465ee728b)
Start importing Assets/UI Images/커서(노랑).png using Guid(b122161135122bf4fad573dd7e85f60c) Importer(815301076,1909f56bfc062723c751e8b465ee728b)  -> (artifact id: 'b399c49c7272d57b4cfe9ed294ea176d') in 0.367635 seconds 
========================================================================
Received Import Request.
  Time since last request: 0.000045 seconds.
  path: Assets/UI Images/커서(검정).png
  artifactKey: Guid(98786bafcb2e5bb4ca31491bd7919efd) Importer(815301076,1909f56bfc062723c751e8b465ee728b)
Start importing Assets/UI Images/커서(검정).png using Guid(98786bafcb2e5bb4ca31491bd7919efd) Importer(815301076,1909f56bfc062723c751e8b465ee728b)  -> (artifact id: 'cdb4821e0ba53d1e375e63bd22d663ab') in 0.246905 seconds 
========================================================================
Received Import Request.
  Time since last request: 0.000051 seconds.
  path: Assets/UI Images/window_transparent.png
  artifactKey: Guid(f5acf69085d3edd459728640cb856815) Importer(815301076,1909f56bfc062723c751e8b465ee728b)
Start importing Assets/UI Images/window_transparent.png using Guid(f5acf69085d3edd459728640cb856815) Importer(815301076,1909f56bfc062723c751e8b465ee728b)  -> (artifact id: '0e865827ea6861dc32493e28671806e8') in 0.429871 seconds 
========================================================================
Received Import Request.
  Time since last request: 0.000046 seconds.
  path: Assets/UI Images/수락.png
  artifactKey: Guid(ca0c75e3a5fa9424888f808b291e4504) Importer(815301076,1909f56bfc062723c751e8b465ee728b)
Start importing Assets/UI Images/수락.png using Guid(ca0c75e3a5fa9424888f808b291e4504) Importer(815301076,1909f56bfc062723c751e8b465ee728b)  -> (artifact id: '4d91250d57fa5502c9af1fb528a1d178') in 0.175302 seconds 
========================================================================
Received Import Request.
  Time since last request: 0.000046 seconds.
  path: Assets/UI Images/왼쪽 버튼.png
  artifactKey: Guid(a5c244373fd85bb4891f4043935e3429) Importer(815301076,1909f56bfc062723c751e8b465ee728b)
Start importing Assets/UI Images/왼쪽 버튼.png using Guid(a5c244373fd85bb4891f4043935e3429) Importer(815301076,1909f56bfc062723c751e8b465ee728b)  -> (artifact id: '79f343f72002c9ea57b0078a6af9eeaa') in 0.132938 seconds 
========================================================================
Received Import Request.
  Time since last request: 244.603602 seconds.
  path: Packages/com.unity.2d.animation/package.json
  artifactKey: Guid(9e83c20a8293f44ec8a375d3805f477d) Importer(815301076,1909f56bfc062723c751e8b465ee728b)
Start importing Packages/com.unity.2d.animation/package.json using Guid(9e83c20a8293f44ec8a375d3805f477d) Importer(815301076,1909f56bfc062723c751e8b465ee728b)  -> (artifact id: '868b4e7772a26ba93e2d958384165a46') in 1.455287 seconds 
========================================================================
Received Import Request.
  Time since last request: 5.220667 seconds.
  path: Assets/03.Spine/Spine GameObject (Turret_1).prefab
  artifactKey: Guid(0239bf719effd8044a0a4cb301bfaa97) Importer(815301076,1909f56bfc062723c751e8b465ee728b)
Start importing Assets/03.Spine/Spine GameObject (Turret_1).prefab using Guid(0239bf719effd8044a0a4cb301bfaa97) Importer(815301076,1909f56bfc062723c751e8b465ee728b)  -> (artifact id: 'aca42076049120fc7d0b456905b3fe0f') in 0.243490 seconds 
========================================================================
Received Import Request.
  Time since last request: 0.000042 seconds.
  path: Assets/03.Spine/Final/Turret_1_SkeletonData.asset
  artifactKey: Guid(703c42a06a4eb3c4a80eac90470ab786) Importer(815301076,1909f56bfc062723c751e8b465ee728b)
Start importing Assets/03.Spine/Final/Turret_1_SkeletonData.asset using Guid(703c42a06a4eb3c4a80eac90470ab786) Importer(815301076,1909f56bfc062723c751e8b465ee728b)  -> (artifact id: '49346d4336d1a1e03090668f6d9f6e1f') in 0.773695 seconds 
========================================================================
Received Prepare
Registering precompiled user dll's ...
Registered in 0.060557 seconds.
Begin MonoManager ReloadAssembly
Symbol file LoadedFromMemory doesn't match image D:\Program Files\Git\bin\Astro\planet\Library\PackageCache\com.unity.visualscripting@1.7.8\Editor\VisualScripting.Core\Dependencies\YamlDotNet\Unity.VisualScripting.YamlDotNet.dll
Symbol file LoadedFromMemory doesn't match image D:\Program Files\Git\bin\Astro\planet\Library\PackageCache\com.unity.visualscripting@1.7.8\Editor\VisualScripting.Core\Dependencies\DotNetZip\Unity.VisualScripting.IonicZip.dll
Native extension for WindowsStandalone target not found
Native extension for iOS target not found
Native extension for Android target not found
Native extension for WebGL target not found
Refreshing native plugins compatible for Editor in 1.63 ms, found 4 plugins.
Preloading 0 native plugins for Editor in 0.00 ms.
Mono: successfully reloaded assembly
- Completed reload, in  6.138 seconds
Domain Reload Profiling:
	ReloadAssembly (6140ms)
		BeginReloadAssembly (1349ms)
			ExecutionOrderSort (0ms)
			DisableScriptedObjects (21ms)
			BackupInstance (0ms)
			ReleaseScriptingObjects (0ms)
			CreateAndSetChildDomain (149ms)
		EndReloadAssembly (4229ms)
			LoadAssemblies (1369ms)
			RebuildTransferFunctionScriptingTraits (0ms)
			SetupTypeCache (1219ms)
			ReleaseScriptCaches (5ms)
			RebuildScriptCaches (140ms)
			SetupLoadedEditorAssemblies (1916ms)
				LogAssemblyErrors (0ms)
				InitializePlatformSupportModulesInManaged (175ms)
				SetLoadedEditorAssemblies (2ms)
				RefreshPlugins (2ms)
				BeforeProcessingInitializeOnLoad (605ms)
				ProcessInitializeOnLoadAttributes (904ms)
				ProcessInitializeOnLoadMethodAttributes (122ms)
				AfterProcessingInitializeOnLoad (105ms)
				EditorAssembliesLoaded (1ms)
			ExecutionOrderSort2 (0ms)
			AwakeInstancesAfterBackupRestoration (84ms)
Platform modules already initialized, skipping
Refreshing native plugins compatible for Editor in 10.37 ms, found 4 plugins.
Preloading 0 native plugins for Editor in 0.00 ms.
Unloading 4359 Unused Serialized files (Serialized files now loaded: 0)
Unloading 40 unused Assets / (1.4 MB). Loaded Objects now: 4908.
Memory consumption went from 173.6 MB to 172.2 MB.
Total: 10.968600 ms (FindLiveObjects: 0.586300 ms CreateObjectMapping: 0.484100 ms MarkObjects: 7.884600 ms  DeleteObjects: 2.011000 ms)

AssetImportParameters requested are different than current active one (requested -> active):
  custom:video-decoder-ogg-theora: a1e56fd34408186e4bbccfd4996cb3dc -> 
  custom:container-muxer-webm: aa71ff27fc2769a1b78a27578f13a17b -> 
  custom:container-demuxer-webm: 4f35f7cbe854078d1ac9338744f61a02 -> 
  custom:video-encoder-webm-vp8: eb34c28f22e8b96e1ab97ce403110664 -> 
  custom:video-codec-MediaFoundation-h265: 746d11721c4dcdbdad8f713fa42b33f4 -> 
  custom:audio-encoder-webm-vorbis: bf7c407c2cedff20999df2af8eb42d56 -> 
  custom:framework-win-MediaFoundation: 216162199b28c13a410421893ffa2e32 -> 
  custom:container-demuxer-ogg: 62fdf1f143b41e24485cea50d1cbac27 -> 
  custom:video-decoder-webm-vp8: 9c59270c3fd7afecdb556c50c9e8de78 -> 
  custom:audio-decoder-ogg-vorbis: bf7c407c2cedff20999df2af8eb42d56 -> 
========================================================================
Received Prepare
Registering precompiled user dll's ...
Registered in 0.034515 seconds.
Begin MonoManager ReloadAssembly
Symbol file LoadedFromMemory doesn't match image D:\Program Files\Git\bin\Astro\planet\Library\PackageCache\com.unity.visualscripting@1.7.8\Editor\VisualScripting.Core\Dependencies\YamlDotNet\Unity.VisualScripting.YamlDotNet.dll
Symbol file LoadedFromMemory doesn't match image D:\Program Files\Git\bin\Astro\planet\Library\PackageCache\com.unity.visualscripting@1.7.8\Editor\VisualScripting.Core\Dependencies\DotNetZip\Unity.VisualScripting.IonicZip.dll
Native extension for WindowsStandalone target not found
Native extension for iOS target not found
Native extension for Android target not found
Native extension for WebGL target not found
Refreshing native plugins compatible for Editor in 5.11 ms, found 4 plugins.
Preloading 0 native plugins for Editor in 0.00 ms.
Mono: successfully reloaded assembly
- Completed reload, in 16.033 seconds
Domain Reload Profiling:
	ReloadAssembly (16056ms)
		BeginReloadAssembly (2169ms)
			ExecutionOrderSort (0ms)
			DisableScriptedObjects (50ms)
			BackupInstance (0ms)
			ReleaseScriptingObjects (0ms)
			CreateAndSetChildDomain (191ms)
		EndReloadAssembly (12054ms)
			LoadAssemblies (2451ms)
			RebuildTransferFunctionScriptingTraits (0ms)
			SetupTypeCache (3578ms)
			ReleaseScriptCaches (13ms)
			RebuildScriptCaches (930ms)
			SetupLoadedEditorAssemblies (4847ms)
				LogAssemblyErrors (0ms)
				InitializePlatformSupportModulesInManaged (422ms)
				SetLoadedEditorAssemblies (3ms)
				RefreshPlugins (5ms)
				BeforeProcessingInitializeOnLoad (1267ms)
				ProcessInitializeOnLoadAttributes (2693ms)
				ProcessInitializeOnLoadMethodAttributes (323ms)
				AfterProcessingInitializeOnLoad (132ms)
				EditorAssembliesLoaded (1ms)
			ExecutionOrderSort2 (0ms)
			AwakeInstancesAfterBackupRestoration (112ms)
Platform modules already initialized, skipping
Refreshing native plugins compatible for Editor in 14.61 ms, found 4 plugins.
Preloading 0 native plugins for Editor in 0.00 ms.
Unloading 4359 Unused Serialized files (Serialized files now loaded: 0)
Unloading 40 unused Assets / (1.4 MB). Loaded Objects now: 4911.
Memory consumption went from 173.6 MB to 172.2 MB.
Total: 9.347600 ms (FindLiveObjects: 0.781400 ms CreateObjectMapping: 0.768200 ms MarkObjects: 6.337600 ms  DeleteObjects: 1.458200 ms)

AssetImportParameters requested are different than current active one (requested -> active):
  custom:video-decoder-ogg-theora: a1e56fd34408186e4bbccfd4996cb3dc -> 
  custom:container-muxer-webm: aa71ff27fc2769a1b78a27578f13a17b -> 
  custom:container-demuxer-webm: 4f35f7cbe854078d1ac9338744f61a02 -> 
  custom:video-encoder-webm-vp8: eb34c28f22e8b96e1ab97ce403110664 -> 
  custom:video-codec-MediaFoundation-h265: 746d11721c4dcdbdad8f713fa42b33f4 -> 
  custom:audio-encoder-webm-vorbis: bf7c407c2cedff20999df2af8eb42d56 -> 
  custom:framework-win-MediaFoundation: 216162199b28c13a410421893ffa2e32 -> 
  custom:container-demuxer-ogg: 62fdf1f143b41e24485cea50d1cbac27 -> 
  custom:video-decoder-webm-vp8: 9c59270c3fd7afecdb556c50c9e8de78 -> 
  custom:audio-decoder-ogg-vorbis: bf7c407c2cedff20999df2af8eb42d56 -> 
========================================================================
Received Prepare
Registering precompiled user dll's ...
Registered in 0.050996 seconds.
Begin MonoManager ReloadAssembly
Symbol file LoadedFromMemory doesn't match image D:\Program Files\Git\bin\Astro\planet\Library\PackageCache\com.unity.visualscripting@1.7.8\Editor\VisualScripting.Core\Dependencies\YamlDotNet\Unity.VisualScripting.YamlDotNet.dll
Symbol file LoadedFromMemory doesn't match image D:\Program Files\Git\bin\Astro\planet\Library\PackageCache\com.unity.visualscripting@1.7.8\Editor\VisualScripting.Core\Dependencies\DotNetZip\Unity.VisualScripting.IonicZip.dll
Native extension for WindowsStandalone target not found
Native extension for iOS target not found
Native extension for Android target not found
Native extension for WebGL target not found
Refreshing native plugins compatible for Editor in 23.76 ms, found 4 plugins.
Preloading 0 native plugins for Editor in 0.00 ms.
Mono: successfully reloaded assembly
- Completed reload, in 16.498 seconds
Domain Reload Profiling:
	ReloadAssembly (16502ms)
		BeginReloadAssembly (2455ms)
			ExecutionOrderSort (0ms)
			DisableScriptedObjects (76ms)
			BackupInstance (0ms)
			ReleaseScriptingObjects (0ms)
			CreateAndSetChildDomain (201ms)
		EndReloadAssembly (11188ms)
			LoadAssemblies (2407ms)
			RebuildTransferFunctionScriptingTraits (0ms)
			SetupTypeCache (2699ms)
			ReleaseScriptCaches (11ms)
			RebuildScriptCaches (834ms)
			SetupLoadedEditorAssemblies (5834ms)
				LogAssemblyErrors (0ms)
				InitializePlatformSupportModulesInManaged (1440ms)
				SetLoadedEditorAssemblies (4ms)
				RefreshPlugins (24ms)
				BeforeProcessingInitializeOnLoad (1493ms)
				ProcessInitializeOnLoadAttributes (2059ms)
				ProcessInitializeOnLoadMethodAttributes (323ms)
				AfterProcessingInitializeOnLoad (490ms)
				EditorAssembliesLoaded (1ms)
			ExecutionOrderSort2 (0ms)
			AwakeInstancesAfterBackupRestoration (156ms)
Platform modules already initialized, skipping
Refreshing native plugins compatible for Editor in 11.05 ms, found 4 plugins.
Preloading 0 native plugins for Editor in 0.00 ms.
Unloading 4359 Unused Serialized files (Serialized files now loaded: 0)
Unloading 40 unused Assets / (1.4 MB). Loaded Objects now: 4914.
Memory consumption went from 173.6 MB to 172.2 MB.
Total: 10.150200 ms (FindLiveObjects: 0.561800 ms CreateObjectMapping: 0.538600 ms MarkObjects: 7.535600 ms  DeleteObjects: 1.512300 ms)

AssetImportParameters requested are different than current active one (requested -> active):
  custom:video-decoder-ogg-theora: a1e56fd34408186e4bbccfd4996cb3dc -> 
  custom:container-muxer-webm: aa71ff27fc2769a1b78a27578f13a17b -> 
  custom:container-demuxer-webm: 4f35f7cbe854078d1ac9338744f61a02 -> 
  custom:video-encoder-webm-vp8: eb34c28f22e8b96e1ab97ce403110664 -> 
  custom:video-codec-MediaFoundation-h265: 746d11721c4dcdbdad8f713fa42b33f4 -> 
  custom:audio-encoder-webm-vorbis: bf7c407c2cedff20999df2af8eb42d56 -> 
  custom:framework-win-MediaFoundation: 216162199b28c13a410421893ffa2e32 -> 
  custom:container-demuxer-ogg: 62fdf1f143b41e24485cea50d1cbac27 -> 
  custom:video-decoder-webm-vp8: 9c59270c3fd7afecdb556c50c9e8de78 -> 
  custom:audio-decoder-ogg-vorbis: bf7c407c2cedff20999df2af8eb42d56 -> 
========================================================================
Received Prepare
Registering precompiled user dll's ...
Registered in 0.037819 seconds.
Begin MonoManager ReloadAssembly
Symbol file LoadedFromMemory doesn't match image D:\Program Files\Git\bin\Astro\planet\Library\PackageCache\com.unity.visualscripting@1.7.8\Editor\VisualScripting.Core\Dependencies\YamlDotNet\Unity.VisualScripting.YamlDotNet.dll
Symbol file LoadedFromMemory doesn't match image D:\Program Files\Git\bin\Astro\planet\Library\PackageCache\com.unity.visualscripting@1.7.8\Editor\VisualScripting.Core\Dependencies\DotNetZip\Unity.VisualScripting.IonicZip.dll
Native extension for WindowsStandalone target not found
Native extension for iOS target not found
Native extension for Android target not found
Native extension for WebGL target not found
Refreshing native plugins compatible for Editor in 3.13 ms, found 4 plugins.
Preloading 0 native plugins for Editor in 0.00 ms.
Mono: successfully reloaded assembly
- Completed reload, in 16.146 seconds
Domain Reload Profiling:
	ReloadAssembly (16148ms)
		BeginReloadAssembly (2727ms)
			ExecutionOrderSort (0ms)
			DisableScriptedObjects (37ms)
			BackupInstance (0ms)
			ReleaseScriptingObjects (0ms)
			CreateAndSetChildDomain (343ms)
		EndReloadAssembly (11536ms)
			LoadAssemblies (2565ms)
			RebuildTransferFunctionScriptingTraits (0ms)
			SetupTypeCache (4401ms)
			ReleaseScriptCaches (14ms)
			RebuildScriptCaches (522ms)
			SetupLoadedEditorAssemblies (4042ms)
				LogAssemblyErrors (0ms)
				InitializePlatformSupportModulesInManaged (328ms)
				SetLoadedEditorAssemblies (8ms)
				RefreshPlugins (3ms)
				BeforeProcessingInitializeOnLoad (1642ms)
				ProcessInitializeOnLoadAttributes (1724ms)
				ProcessInitializeOnLoadMethodAttributes (206ms)
				AfterProcessingInitializeOnLoad (130ms)
				EditorAssembliesLoaded (1ms)
			ExecutionOrderSort2 (0ms)
			AwakeInstancesAfterBackupRestoration (88ms)
Platform modules already initialized, skipping
Refreshing native plugins compatible for Editor in 15.76 ms, found 4 plugins.
Preloading 0 native plugins for Editor in 0.00 ms.
Unloading 4359 Unused Serialized files (Serialized files now loaded: 0)
Unloading 40 unused Assets / (1.4 MB). Loaded Objects now: 4917.
Memory consumption went from 173.6 MB to 172.2 MB.
Total: 15.390600 ms (FindLiveObjects: 1.874000 ms CreateObjectMapping: 0.768800 ms MarkObjects: 9.524200 ms  DeleteObjects: 3.220600 ms)

AssetImportParameters requested are different than current active one (requested -> active):
  custom:video-decoder-ogg-theora: a1e56fd34408186e4bbccfd4996cb3dc -> 
  custom:container-muxer-webm: aa71ff27fc2769a1b78a27578f13a17b -> 
  custom:container-demuxer-webm: 4f35f7cbe854078d1ac9338744f61a02 -> 
  custom:video-encoder-webm-vp8: eb34c28f22e8b96e1ab97ce403110664 -> 
  custom:video-codec-MediaFoundation-h265: 746d11721c4dcdbdad8f713fa42b33f4 -> 
  custom:audio-encoder-webm-vorbis: bf7c407c2cedff20999df2af8eb42d56 -> 
  custom:framework-win-MediaFoundation: 216162199b28c13a410421893ffa2e32 -> 
  custom:container-demuxer-ogg: 62fdf1f143b41e24485cea50d1cbac27 -> 
  custom:video-decoder-webm-vp8: 9c59270c3fd7afecdb556c50c9e8de78 -> 
  custom:audio-decoder-ogg-vorbis: bf7c407c2cedff20999df2af8eb42d56 -> 
========================================================================
Received Prepare
Registering precompiled user dll's ...
Registered in 0.060483 seconds.
Begin MonoManager ReloadAssembly
Symbol file LoadedFromMemory doesn't match image D:\Program Files\Git\bin\Astro\planet\Library\PackageCache\com.unity.visualscripting@1.7.8\Editor\VisualScripting.Core\Dependencies\YamlDotNet\Unity.VisualScripting.YamlDotNet.dll
Symbol file LoadedFromMemory doesn't match image D:\Program Files\Git\bin\Astro\planet\Library\PackageCache\com.unity.visualscripting@1.7.8\Editor\VisualScripting.Core\Dependencies\DotNetZip\Unity.VisualScripting.IonicZip.dll
Native extension for WindowsStandalone target not found
Native extension for iOS target not found
Native extension for Android target not found
Native extension for WebGL target not found
Refreshing native plugins compatible for Editor in 1.56 ms, found 4 plugins.
Preloading 0 native plugins for Editor in 0.00 ms.
Mono: successfully reloaded assembly
- Completed reload, in 10.608 seconds
Domain Reload Profiling:
	ReloadAssembly (10610ms)
		BeginReloadAssembly (2745ms)
			ExecutionOrderSort (0ms)
			DisableScriptedObjects (257ms)
			BackupInstance (0ms)
			ReleaseScriptingObjects (0ms)
			CreateAndSetChildDomain (415ms)
		EndReloadAssembly (6242ms)
			LoadAssemblies (2290ms)
			RebuildTransferFunctionScriptingTraits (1ms)
			SetupTypeCache (2902ms)
			ReleaseScriptCaches (5ms)
			RebuildScriptCaches (159ms)
			SetupLoadedEditorAssemblies (1698ms)
				LogAssemblyErrors (0ms)
				InitializePlatformSupportModulesInManaged (168ms)
				SetLoadedEditorAssemblies (1ms)
				RefreshPlugins (2ms)
				BeforeProcessingInitializeOnLoad (540ms)
				ProcessInitializeOnLoadAttributes (785ms)
				ProcessInitializeOnLoadMethodAttributes (124ms)
				AfterProcessingInitializeOnLoad (78ms)
				EditorAssembliesLoaded (0ms)
			ExecutionOrderSort2 (0ms)
			AwakeInstancesAfterBackupRestoration (55ms)
Platform modules already initialized, skipping
Refreshing native plugins compatible for Editor in 9.76 ms, found 4 plugins.
Preloading 0 native plugins for Editor in 0.00 ms.
Unloading 4359 Unused Serialized files (Serialized files now loaded: 0)
Unloading 40 unused Assets / (1.4 MB). Loaded Objects now: 4920.
Memory consumption went from 173.7 MB to 172.3 MB.
Total: 8.555800 ms (FindLiveObjects: 0.645800 ms CreateObjectMapping: 0.438200 ms MarkObjects: 5.823500 ms  DeleteObjects: 1.645100 ms)

AssetImportParameters requested are different than current active one (requested -> active):
  custom:video-decoder-ogg-theora: a1e56fd34408186e4bbccfd4996cb3dc -> 
  custom:container-muxer-webm: aa71ff27fc2769a1b78a27578f13a17b -> 
  custom:container-demuxer-webm: 4f35f7cbe854078d1ac9338744f61a02 -> 
  custom:video-encoder-webm-vp8: eb34c28f22e8b96e1ab97ce403110664 -> 
  custom:video-codec-MediaFoundation-h265: 746d11721c4dcdbdad8f713fa42b33f4 -> 
  custom:audio-encoder-webm-vorbis: bf7c407c2cedff20999df2af8eb42d56 -> 
  custom:framework-win-MediaFoundation: 216162199b28c13a410421893ffa2e32 -> 
  custom:container-demuxer-ogg: 62fdf1f143b41e24485cea50d1cbac27 -> 
  custom:video-decoder-webm-vp8: 9c59270c3fd7afecdb556c50c9e8de78 -> 
  custom:audio-decoder-ogg-vorbis: bf7c407c2cedff20999df2af8eb42d56 -> 
========================================================================
Received Prepare
Registering precompiled user dll's ...
Registered in 0.166914 seconds.
Begin MonoManager ReloadAssembly
Symbol file LoadedFromMemory doesn't match image D:\Program Files\Git\bin\Astro\planet\Library\PackageCache\com.unity.visualscripting@1.7.8\Editor\VisualScripting.Core\Dependencies\YamlDotNet\Unity.VisualScripting.YamlDotNet.dll
Symbol file LoadedFromMemory doesn't match image D:\Program Files\Git\bin\Astro\planet\Library\PackageCache\com.unity.visualscripting@1.7.8\Editor\VisualScripting.Core\Dependencies\DotNetZip\Unity.VisualScripting.IonicZip.dll
Native extension for WindowsStandalone target not found
Native extension for iOS target not found
Native extension for Android target not found
Native extension for WebGL target not found
Refreshing native plugins compatible for Editor in 11.32 ms, found 4 plugins.
Preloading 0 native plugins for Editor in 0.00 ms.
Mono: successfully reloaded assembly
- Completed reload, in 17.746 seconds
Domain Reload Profiling:
	ReloadAssembly (17750ms)
		BeginReloadAssembly (2688ms)
			ExecutionOrderSort (0ms)
			DisableScriptedObjects (52ms)
			BackupInstance (0ms)
			ReleaseScriptingObjects (0ms)
			CreateAndSetChildDomain (278ms)
		EndReloadAssembly (12142ms)
			LoadAssemblies (2177ms)
			RebuildTransferFunctionScriptingTraits (0ms)
			SetupTypeCache (3278ms)
			ReleaseScriptCaches (9ms)
			RebuildScriptCaches (510ms)
			SetupLoadedEditorAssemblies (6366ms)
				LogAssemblyErrors (0ms)
				InitializePlatformSupportModulesInManaged (639ms)
				SetLoadedEditorAssemblies (5ms)
				RefreshPlugins (12ms)
				BeforeProcessingInitializeOnLoad (1454ms)
				ProcessInitializeOnLoadAttributes (3436ms)
				ProcessInitializeOnLoadMethodAttributes (622ms)
				AfterProcessingInitializeOnLoad (197ms)
				EditorAssembliesLoaded (1ms)
			ExecutionOrderSort2 (0ms)
			AwakeInstancesAfterBackupRestoration (203ms)
Platform modules already initialized, skipping
Refreshing native plugins compatible for Editor in 16.47 ms, found 4 plugins.
Preloading 0 native plugins for Editor in 0.00 ms.
Unloading 4359 Unused Serialized files (Serialized files now loaded: 0)
Unloading 40 unused Assets / (1.4 MB). Loaded Objects now: 4923.
Memory consumption went from 173.7 MB to 172.3 MB.
Total: 63.730500 ms (FindLiveObjects: 1.466100 ms CreateObjectMapping: 0.827200 ms MarkObjects: 58.747500 ms  DeleteObjects: 2.686500 ms)

AssetImportParameters requested are different than current active one (requested -> active):
  custom:video-decoder-ogg-theora: a1e56fd34408186e4bbccfd4996cb3dc -> 
  custom:container-muxer-webm: aa71ff27fc2769a1b78a27578f13a17b -> 
  custom:container-demuxer-webm: 4f35f7cbe854078d1ac9338744f61a02 -> 
  custom:video-encoder-webm-vp8: eb34c28f22e8b96e1ab97ce403110664 -> 
  custom:video-codec-MediaFoundation-h265: 746d11721c4dcdbdad8f713fa42b33f4 -> 
  custom:audio-encoder-webm-vorbis: bf7c407c2cedff20999df2af8eb42d56 -> 
  custom:framework-win-MediaFoundation: 216162199b28c13a410421893ffa2e32 -> 
  custom:container-demuxer-ogg: 62fdf1f143b41e24485cea50d1cbac27 -> 
  custom:video-decoder-webm-vp8: 9c59270c3fd7afecdb556c50c9e8de78 -> 
  custom:audio-decoder-ogg-vorbis: bf7c407c2cedff20999df2af8eb42d56 -> 
========================================================================
Received Import Request.
  Time since last request: 809.320337 seconds.
  path: Assets/TextMesh Pro/Examples & Extras/Fonts/Roboto-Bold.ttf
  artifactKey: Guid(4beb055f07aaff244873dec698d0363e) Importer(815301076,1909f56bfc062723c751e8b465ee728b)
Start importing Assets/TextMesh Pro/Examples & Extras/Fonts/Roboto-Bold.ttf using Guid(4beb055f07aaff244873dec698d0363e) Importer(815301076,1909f56bfc062723c751e8b465ee728b)  -> (artifact id: '556b69e757dbe8e2339a7e8575587732') in 2.834019 seconds 
========================================================================
Received Import Request.
  Time since last request: 0.000044 seconds.
  path: Assets/Spine Examples/Spine Skeletons/Hero/ReferenceAssets/head-turn.asset
  artifactKey: Guid(f6af3927c87714243a26ccb72d39d4fc) Importer(815301076,1909f56bfc062723c751e8b465ee728b)
Start importing Assets/Spine Examples/Spine Skeletons/Hero/ReferenceAssets/head-turn.asset using Guid(f6af3927c87714243a26ccb72d39d4fc) Importer(815301076,1909f56bfc062723c751e8b465ee728b)  -> (artifact id: '1eac45d8b31d54f9d4e50d4f8a378736') in 3.773255 seconds 
========================================================================
Received Import Request.
  Time since last request: 0.000082 seconds.
  path: Assets/03.Spine/Turret/turret_Atlas.asset
  artifactKey: Guid(a3987f5edb6cdd445ae61fac1b21815f) Importer(815301076,1909f56bfc062723c751e8b465ee728b)
Start importing Assets/03.Spine/Turret/turret_Atlas.asset using Guid(a3987f5edb6cdd445ae61fac1b21815f) Importer(815301076,1909f56bfc062723c751e8b465ee728b)  -> (artifact id: '2d36c987c5a917e237893a54adb8b0c5') in 2.533677 seconds 
========================================================================
Received Import Request.
  Time since last request: 0.005847 seconds.
  path: Assets/03.Spine/Turret/turret_Material.mat
  artifactKey: Guid(ece879358a56fbc4bb9eb3204208213c) Importer(815301076,1909f56bfc062723c751e8b465ee728b)
Start importing Assets/03.Spine/Turret/turret_Material.mat using Guid(ece879358a56fbc4bb9eb3204208213c) Importer(815301076,1909f56bfc062723c751e8b465ee728b)  -> (artifact id: '20d090861b9772be3f7736427b1ce518') in 0.339112 seconds 
========================================================================
Received Import Request.
  Time since last request: 0.000467 seconds.
  path: Assets/02.Prefab/TurretManager.cs
  artifactKey: Guid(6c2e53f247c1e734899e54e02455a1b0) Importer(815301076,1909f56bfc062723c751e8b465ee728b)
Start importing Assets/02.Prefab/TurretManager.cs using Guid(6c2e53f247c1e734899e54e02455a1b0) Importer(815301076,1909f56bfc062723c751e8b465ee728b)  -> (artifact id: '53a58dc3ee6e1f9c500b6dcd3158f4b2') in 0.278874 seconds 
========================================================================
Received Import Request.
  Time since last request: 0.000069 seconds.
  path: Assets/03.Spine/Final/turret_Atlas.asset
  artifactKey: Guid(440c169cad07a0c448fde1396afabcfb) Importer(815301076,1909f56bfc062723c751e8b465ee728b)
Start importing Assets/03.Spine/Final/turret_Atlas.asset using Guid(440c169cad07a0c448fde1396afabcfb) Importer(815301076,1909f56bfc062723c751e8b465ee728b)  -> (artifact id: 'aeae5dc1c4b06b27ecb8e3d1c3ca8528') in 0.094087 seconds 
========================================================================
Received Import Request.
  Time since last request: 0.000054 seconds.
  path: Assets/TextMesh Pro/Examples & Extras/Fonts/Anton.ttf
  artifactKey: Guid(997a43b767814dd0a7642ec9b78cba41) Importer(815301076,1909f56bfc062723c751e8b465ee728b)
Start importing Assets/TextMesh Pro/Examples & Extras/Fonts/Anton.ttf using Guid(997a43b767814dd0a7642ec9b78cba41) Importer(815301076,1909f56bfc062723c751e8b465ee728b)  -> (artifact id: 'd715a65cec22557af36e509655f99a14') in 0.145914 seconds 
========================================================================
Received Prepare
Registering precompiled user dll's ...
Registered in 0.073027 seconds.
Begin MonoManager ReloadAssembly
Symbol file LoadedFromMemory doesn't match image D:\Program Files\Git\bin\Astro\planet\Library\PackageCache\com.unity.visualscripting@1.7.8\Editor\VisualScripting.Core\Dependencies\YamlDotNet\Unity.VisualScripting.YamlDotNet.dll
Symbol file LoadedFromMemory doesn't match image D:\Program Files\Git\bin\Astro\planet\Library\PackageCache\com.unity.visualscripting@1.7.8\Editor\VisualScripting.Core\Dependencies\DotNetZip\Unity.VisualScripting.IonicZip.dll
Native extension for WindowsStandalone target not found
Native extension for iOS target not found
Native extension for Android target not found
Native extension for WebGL target not found
Refreshing native plugins compatible for Editor in 4.49 ms, found 4 plugins.
Preloading 0 native plugins for Editor in 0.00 ms.
Mono: successfully reloaded assembly
- Completed reload, in  4.772 seconds
Domain Reload Profiling:
	ReloadAssembly (4773ms)
		BeginReloadAssembly (635ms)
			ExecutionOrderSort (0ms)
			DisableScriptedObjects (11ms)
			BackupInstance (0ms)
			ReleaseScriptingObjects (0ms)
			CreateAndSetChildDomain (101ms)
		EndReloadAssembly (3757ms)
			LoadAssemblies (613ms)
			RebuildTransferFunctionScriptingTraits (0ms)
			SetupTypeCache (827ms)
			ReleaseScriptCaches (4ms)
			RebuildScriptCaches (140ms)
			SetupLoadedEditorAssemblies (2193ms)
				LogAssemblyErrors (0ms)
				InitializePlatformSupportModulesInManaged (173ms)
				SetLoadedEditorAssemblies (7ms)
				RefreshPlugins (5ms)
				BeforeProcessingInitializeOnLoad (535ms)
				ProcessInitializeOnLoadAttributes (1037ms)
				ProcessInitializeOnLoadMethodAttributes (342ms)
				AfterProcessingInitializeOnLoad (94ms)
				EditorAssembliesLoaded (0ms)
			ExecutionOrderSort2 (0ms)
			AwakeInstancesAfterBackupRestoration (64ms)
Platform modules already initialized, skipping
Refreshing native plugins compatible for Editor in 52.79 ms, found 4 plugins.
Preloading 0 native plugins for Editor in 0.00 ms.
Unloading 4359 Unused Serialized files (Serialized files now loaded: 0)
Unloading 40 unused Assets / (1.4 MB). Loaded Objects now: 4963.
Memory consumption went from 173.9 MB to 172.5 MB.
Total: 7.863100 ms (FindLiveObjects: 0.516200 ms CreateObjectMapping: 0.387200 ms MarkObjects: 5.822700 ms  DeleteObjects: 1.134900 ms)

AssetImportParameters requested are different than current active one (requested -> active):
  custom:video-decoder-ogg-theora: a1e56fd34408186e4bbccfd4996cb3dc -> 
  custom:container-muxer-webm: aa71ff27fc2769a1b78a27578f13a17b -> 
  custom:container-demuxer-webm: 4f35f7cbe854078d1ac9338744f61a02 -> 
  custom:video-encoder-webm-vp8: eb34c28f22e8b96e1ab97ce403110664 -> 
  custom:video-codec-MediaFoundation-h265: 746d11721c4dcdbdad8f713fa42b33f4 -> 
  custom:audio-encoder-webm-vorbis: bf7c407c2cedff20999df2af8eb42d56 -> 
  custom:framework-win-MediaFoundation: 216162199b28c13a410421893ffa2e32 -> 
  custom:container-demuxer-ogg: 62fdf1f143b41e24485cea50d1cbac27 -> 
  custom:video-decoder-webm-vp8: 9c59270c3fd7afecdb556c50c9e8de78 -> 
  custom:audio-decoder-ogg-vorbis: bf7c407c2cedff20999df2af8eb42d56 -> 
========================================================================
Received Prepare
Registering precompiled user dll's ...
Registered in 0.036557 seconds.
Begin MonoManager ReloadAssembly
Symbol file LoadedFromMemory doesn't match image D:\Program Files\Git\bin\Astro\planet\Library\PackageCache\com.unity.visualscripting@1.7.8\Editor\VisualScripting.Core\Dependencies\YamlDotNet\Unity.VisualScripting.YamlDotNet.dll
Symbol file LoadedFromMemory doesn't match image D:\Program Files\Git\bin\Astro\planet\Library\PackageCache\com.unity.visualscripting@1.7.8\Editor\VisualScripting.Core\Dependencies\DotNetZip\Unity.VisualScripting.IonicZip.dll
Native extension for WindowsStandalone target not found
Native extension for iOS target not found
Native extension for Android target not found
Native extension for WebGL target not found
Refreshing native plugins compatible for Editor in 1.63 ms, found 4 plugins.
Preloading 0 native plugins for Editor in 0.00 ms.
Mono: successfully reloaded assembly
- Completed reload, in 11.637 seconds
Domain Reload Profiling:
	ReloadAssembly (11639ms)
		BeginReloadAssembly (2635ms)
			ExecutionOrderSort (0ms)
			DisableScriptedObjects (73ms)
			BackupInstance (0ms)
			ReleaseScriptingObjects (1ms)
			CreateAndSetChildDomain (246ms)
		EndReloadAssembly (7083ms)
			LoadAssemblies (2712ms)
			RebuildTransferFunctionScriptingTraits (0ms)
			SetupTypeCache (3494ms)
			ReleaseScriptCaches (7ms)
			RebuildScriptCaches (349ms)
			SetupLoadedEditorAssemblies (1617ms)
				LogAssemblyErrors (0ms)
				InitializePlatformSupportModulesInManaged (147ms)
				SetLoadedEditorAssemblies (1ms)
				RefreshPlugins (2ms)
				BeforeProcessingInitializeOnLoad (553ms)
				ProcessInitializeOnLoadAttributes (656ms)
				ProcessInitializeOnLoadMethodAttributes (139ms)
				AfterProcessingInitializeOnLoad (118ms)
				EditorAssembliesLoaded (1ms)
			ExecutionOrderSort2 (0ms)
			AwakeInstancesAfterBackupRestoration (81ms)
Platform modules already initialized, skipping
Refreshing native plugins compatible for Editor in 8.22 ms, found 4 plugins.
Preloading 0 native plugins for Editor in 0.00 ms.
Unloading 4359 Unused Serialized files (Serialized files now loaded: 0)
Unloading 40 unused Assets / (1.4 MB). Loaded Objects now: 4966.
Memory consumption went from 174.0 MB to 172.6 MB.
Total: 22.532000 ms (FindLiveObjects: 0.798700 ms CreateObjectMapping: 0.661200 ms MarkObjects: 13.819400 ms  DeleteObjects: 7.250000 ms)

AssetImportParameters requested are different than current active one (requested -> active):
  custom:video-decoder-ogg-theora: a1e56fd34408186e4bbccfd4996cb3dc -> 
  custom:container-muxer-webm: aa71ff27fc2769a1b78a27578f13a17b -> 
  custom:container-demuxer-webm: 4f35f7cbe854078d1ac9338744f61a02 -> 
  custom:video-encoder-webm-vp8: eb34c28f22e8b96e1ab97ce403110664 -> 
  custom:video-codec-MediaFoundation-h265: 746d11721c4dcdbdad8f713fa42b33f4 -> 
  custom:audio-encoder-webm-vorbis: bf7c407c2cedff20999df2af8eb42d56 -> 
  custom:framework-win-MediaFoundation: 216162199b28c13a410421893ffa2e32 -> 
  custom:container-demuxer-ogg: 62fdf1f143b41e24485cea50d1cbac27 -> 
  custom:video-decoder-webm-vp8: 9c59270c3fd7afecdb556c50c9e8de78 -> 
  custom:audio-decoder-ogg-vorbis: bf7c407c2cedff20999df2af8eb42d56 -> 
========================================================================
Received Prepare
Registering precompiled user dll's ...
Registered in 0.042788 seconds.
Begin MonoManager ReloadAssembly
Symbol file LoadedFromMemory doesn't match image D:\Program Files\Git\bin\Astro\planet\Library\PackageCache\com.unity.visualscripting@1.7.8\Editor\VisualScripting.Core\Dependencies\YamlDotNet\Unity.VisualScripting.YamlDotNet.dll
Symbol file LoadedFromMemory doesn't match image D:\Program Files\Git\bin\Astro\planet\Library\PackageCache\com.unity.visualscripting@1.7.8\Editor\VisualScripting.Core\Dependencies\DotNetZip\Unity.VisualScripting.IonicZip.dll
Native extension for WindowsStandalone target not found
Native extension for iOS target not found
Native extension for Android target not found
Native extension for WebGL target not found
Refreshing native plugins compatible for Editor in 1.76 ms, found 4 plugins.
Preloading 0 native plugins for Editor in 0.00 ms.
Mono: successfully reloaded assembly
- Completed reload, in 13.272 seconds
Domain Reload Profiling:
	ReloadAssembly (13275ms)
		BeginReloadAssembly (2918ms)
			ExecutionOrderSort (0ms)
			DisableScriptedObjects (236ms)
			BackupInstance (0ms)
			ReleaseScriptingObjects (0ms)
			CreateAndSetChildDomain (400ms)
		EndReloadAssembly (8893ms)
			LoadAssemblies (2762ms)
			RebuildTransferFunctionScriptingTraits (0ms)
			SetupTypeCache (2959ms)
			ReleaseScriptCaches (4ms)
			RebuildScriptCaches (661ms)
			SetupLoadedEditorAssemblies (3267ms)
				LogAssemblyErrors (0ms)
				InitializePlatformSupportModulesInManaged (328ms)
				SetLoadedEditorAssemblies (1ms)
				RefreshPlugins (2ms)
				BeforeProcessingInitializeOnLoad (1763ms)
				ProcessInitializeOnLoadAttributes (915ms)
				ProcessInitializeOnLoadMethodAttributes (169ms)
				AfterProcessingInitializeOnLoad (89ms)
				EditorAssembliesLoaded (1ms)
			ExecutionOrderSort2 (0ms)
			AwakeInstancesAfterBackupRestoration (75ms)
Platform modules already initialized, skipping
Refreshing native plugins compatible for Editor in 11.57 ms, found 4 plugins.
Preloading 0 native plugins for Editor in 0.00 ms.
Unloading 4359 Unused Serialized files (Serialized files now loaded: 0)
Unloading 40 unused Assets / (1.4 MB). Loaded Objects now: 4969.
Memory consumption went from 173.9 MB to 172.6 MB.
Total: 16.453200 ms (FindLiveObjects: 1.415700 ms CreateObjectMapping: 1.436700 ms MarkObjects: 10.817700 ms  DeleteObjects: 2.780500 ms)

AssetImportParameters requested are different than current active one (requested -> active):
  custom:video-decoder-ogg-theora: a1e56fd34408186e4bbccfd4996cb3dc -> 
  custom:container-muxer-webm: aa71ff27fc2769a1b78a27578f13a17b -> 
  custom:container-demuxer-webm: 4f35f7cbe854078d1ac9338744f61a02 -> 
  custom:video-encoder-webm-vp8: eb34c28f22e8b96e1ab97ce403110664 -> 
  custom:video-codec-MediaFoundation-h265: 746d11721c4dcdbdad8f713fa42b33f4 -> 
  custom:audio-encoder-webm-vorbis: bf7c407c2cedff20999df2af8eb42d56 -> 
  custom:framework-win-MediaFoundation: 216162199b28c13a410421893ffa2e32 -> 
  custom:container-demuxer-ogg: 62fdf1f143b41e24485cea50d1cbac27 -> 
  custom:video-decoder-webm-vp8: 9c59270c3fd7afecdb556c50c9e8de78 -> 
  custom:audio-decoder-ogg-vorbis: bf7c407c2cedff20999df2af8eb42d56 -> 
========================================================================
Received Prepare
Registering precompiled user dll's ...
Registered in 0.084402 seconds.
Begin MonoManager ReloadAssembly
Symbol file LoadedFromMemory doesn't match image D:\Program Files\Git\bin\Astro\planet\Library\PackageCache\com.unity.visualscripting@1.7.8\Editor\VisualScripting.Core\Dependencies\YamlDotNet\Unity.VisualScripting.YamlDotNet.dll
Symbol file LoadedFromMemory doesn't match image D:\Program Files\Git\bin\Astro\planet\Library\PackageCache\com.unity.visualscripting@1.7.8\Editor\VisualScripting.Core\Dependencies\DotNetZip\Unity.VisualScripting.IonicZip.dll
Native extension for WindowsStandalone target not found
Native extension for iOS target not found
Native extension for Android target not found
Native extension for WebGL target not found
Refreshing native plugins compatible for Editor in 4.27 ms, found 4 plugins.
Preloading 0 native plugins for Editor in 0.00 ms.
Mono: successfully reloaded assembly
- Completed reload, in 15.153 seconds
Domain Reload Profiling:
	ReloadAssembly (15156ms)
		BeginReloadAssembly (2788ms)
			ExecutionOrderSort (0ms)
			DisableScriptedObjects (50ms)
			BackupInstance (0ms)
			ReleaseScriptingObjects (6ms)
			CreateAndSetChildDomain (433ms)
		EndReloadAssembly (11014ms)
			LoadAssemblies (2185ms)
			RebuildTransferFunctionScriptingTraits (0ms)
			SetupTypeCache (3441ms)
			ReleaseScriptCaches (6ms)
			RebuildScriptCaches (499ms)
			SetupLoadedEditorAssemblies (5076ms)
				LogAssemblyErrors (0ms)
				InitializePlatformSupportModulesInManaged (398ms)
				SetLoadedEditorAssemblies (9ms)
				RefreshPlugins (5ms)
				BeforeProcessingInitializeOnLoad (1471ms)
				ProcessInitializeOnLoadAttributes (2386ms)
				ProcessInitializeOnLoadMethodAttributes (374ms)
				AfterProcessingInitializeOnLoad (434ms)
				EditorAssembliesLoaded (1ms)
			ExecutionOrderSort2 (0ms)
			AwakeInstancesAfterBackupRestoration (113ms)
Platform modules already initialized, skipping
Refreshing native plugins compatible for Editor in 21.87 ms, found 4 plugins.
Preloading 0 native plugins for Editor in 0.00 ms.
Unloading 4359 Unused Serialized files (Serialized files now loaded: 0)
Unloading 40 unused Assets / (1.4 MB). Loaded Objects now: 4972.
Memory consumption went from 173.9 MB to 172.6 MB.
Total: 20.794400 ms (FindLiveObjects: 0.929500 ms CreateObjectMapping: 7.933400 ms MarkObjects: 9.275900 ms  DeleteObjects: 2.653300 ms)

AssetImportParameters requested are different than current active one (requested -> active):
  custom:video-decoder-ogg-theora: a1e56fd34408186e4bbccfd4996cb3dc -> 
  custom:container-muxer-webm: aa71ff27fc2769a1b78a27578f13a17b -> 
  custom:container-demuxer-webm: 4f35f7cbe854078d1ac9338744f61a02 -> 
  custom:video-encoder-webm-vp8: eb34c28f22e8b96e1ab97ce403110664 -> 
  custom:video-codec-MediaFoundation-h265: 746d11721c4dcdbdad8f713fa42b33f4 -> 
  custom:audio-encoder-webm-vorbis: bf7c407c2cedff20999df2af8eb42d56 -> 
  custom:framework-win-MediaFoundation: 216162199b28c13a410421893ffa2e32 -> 
  custom:container-demuxer-ogg: 62fdf1f143b41e24485cea50d1cbac27 -> 
  custom:video-decoder-webm-vp8: 9c59270c3fd7afecdb556c50c9e8de78 -> 
  custom:audio-decoder-ogg-vorbis: bf7c407c2cedff20999df2af8eb42d56 -> 
========================================================================
Received Prepare
Registering precompiled user dll's ...
Registered in 0.044689 seconds.
Begin MonoManager ReloadAssembly
Symbol file LoadedFromMemory doesn't match image D:\Program Files\Git\bin\Astro\planet\Library\PackageCache\com.unity.visualscripting@1.7.8\Editor\VisualScripting.Core\Dependencies\YamlDotNet\Unity.VisualScripting.YamlDotNet.dll
Symbol file LoadedFromMemory doesn't match image D:\Program Files\Git\bin\Astro\planet\Library\PackageCache\com.unity.visualscripting@1.7.8\Editor\VisualScripting.Core\Dependencies\DotNetZip\Unity.VisualScripting.IonicZip.dll
Native extension for WindowsStandalone target not found
Native extension for iOS target not found
Native extension for Android target not found
Native extension for WebGL target not found
Refreshing native plugins compatible for Editor in 2.71 ms, found 4 plugins.
Preloading 0 native plugins for Editor in 0.00 ms.
Mono: successfully reloaded assembly
- Completed reload, in  8.372 seconds
Domain Reload Profiling:
	ReloadAssembly (8375ms)
		BeginReloadAssembly (2100ms)
			ExecutionOrderSort (0ms)
			DisableScriptedObjects (42ms)
			BackupInstance (0ms)
			ReleaseScriptingObjects (0ms)
			CreateAndSetChildDomain (289ms)
		EndReloadAssembly (5225ms)
			LoadAssemblies (1740ms)
			RebuildTransferFunctionScriptingTraits (0ms)
			SetupTypeCache (1778ms)
			ReleaseScriptCaches (6ms)
			RebuildScriptCaches (262ms)
			SetupLoadedEditorAssemblies (2193ms)
				LogAssemblyErrors (0ms)
				InitializePlatformSupportModulesInManaged (149ms)
				SetLoadedEditorAssemblies (2ms)
				RefreshPlugins (3ms)
				BeforeProcessingInitializeOnLoad (548ms)
				ProcessInitializeOnLoadAttributes (1176ms)
				ProcessInitializeOnLoadMethodAttributes (201ms)
				AfterProcessingInitializeOnLoad (113ms)
				EditorAssembliesLoaded (1ms)
			ExecutionOrderSort2 (0ms)
			AwakeInstancesAfterBackupRestoration (80ms)
Platform modules already initialized, skipping
Refreshing native plugins compatible for Editor in 248.97 ms, found 4 plugins.
Preloading 0 native plugins for Editor in 0.00 ms.
Unloading 4360 Unused Serialized files (Serialized files now loaded: 0)
Unloading 40 unused Assets / (1.4 MB). Loaded Objects now: 4976.
Memory consumption went from 174.0 MB to 172.6 MB.
Total: 8.432700 ms (FindLiveObjects: 0.635500 ms CreateObjectMapping: 0.416300 ms MarkObjects: 5.674200 ms  DeleteObjects: 1.704900 ms)

AssetImportParameters requested are different than current active one (requested -> active):
  custom:video-decoder-ogg-theora: a1e56fd34408186e4bbccfd4996cb3dc -> 
  custom:container-muxer-webm: aa71ff27fc2769a1b78a27578f13a17b -> 
  custom:container-demuxer-webm: 4f35f7cbe854078d1ac9338744f61a02 -> 
  custom:video-encoder-webm-vp8: eb34c28f22e8b96e1ab97ce403110664 -> 
  custom:video-codec-MediaFoundation-h265: 746d11721c4dcdbdad8f713fa42b33f4 -> 
  custom:audio-encoder-webm-vorbis: bf7c407c2cedff20999df2af8eb42d56 -> 
  custom:framework-win-MediaFoundation: 216162199b28c13a410421893ffa2e32 -> 
  custom:container-demuxer-ogg: 62fdf1f143b41e24485cea50d1cbac27 -> 
  custom:video-decoder-webm-vp8: 9c59270c3fd7afecdb556c50c9e8de78 -> 
  custom:audio-decoder-ogg-vorbis: bf7c407c2cedff20999df2af8eb42d56 -> 
========================================================================
Received Prepare
Registering precompiled user dll's ...
Registered in 0.380643 seconds.
Begin MonoManager ReloadAssembly
Symbol file LoadedFromMemory doesn't match image D:\Program Files\Git\bin\Astro\planet\Library\PackageCache\com.unity.visualscripting@1.7.8\Editor\VisualScripting.Core\Dependencies\YamlDotNet\Unity.VisualScripting.YamlDotNet.dll
Symbol file LoadedFromMemory doesn't match image D:\Program Files\Git\bin\Astro\planet\Library\PackageCache\com.unity.visualscripting@1.7.8\Editor\VisualScripting.Core\Dependencies\DotNetZip\Unity.VisualScripting.IonicZip.dll
Native extension for WindowsStandalone target not found
Native extension for iOS target not found
Native extension for Android target not found
Native extension for WebGL target not found
Refreshing native plugins compatible for Editor in 2.93 ms, found 4 plugins.
Preloading 0 native plugins for Editor in 0.00 ms.
Mono: successfully reloaded assembly
- Completed reload, in 11.919 seconds
Domain Reload Profiling:
	ReloadAssembly (11920ms)
		BeginReloadAssembly (1044ms)
			ExecutionOrderSort (0ms)
			DisableScriptedObjects (20ms)
			BackupInstance (0ms)
			ReleaseScriptingObjects (0ms)
			CreateAndSetChildDomain (82ms)
		EndReloadAssembly (10153ms)
			LoadAssemblies (2112ms)
			RebuildTransferFunctionScriptingTraits (0ms)
			SetupTypeCache (1059ms)
			ReleaseScriptCaches (2ms)
			RebuildScriptCaches (981ms)
			SetupLoadedEditorAssemblies (6128ms)
				LogAssemblyErrors (0ms)
				InitializePlatformSupportModulesInManaged (527ms)
				SetLoadedEditorAssemblies (2ms)
				RefreshPlugins (3ms)
				BeforeProcessingInitializeOnLoad (1945ms)
				ProcessInitializeOnLoadAttributes (3322ms)
				ProcessInitializeOnLoadMethodAttributes (221ms)
				AfterProcessingInitializeOnLoad (108ms)
				EditorAssembliesLoaded (1ms)
			ExecutionOrderSort2 (0ms)
			AwakeInstancesAfterBackupRestoration (81ms)
Platform modules already initialized, skipping
Refreshing native plugins compatible for Editor in 95.95 ms, found 4 plugins.
Preloading 0 native plugins for Editor in 0.00 ms.
Unloading 4360 Unused Serialized files (Serialized files now loaded: 0)
Unloading 40 unused Assets / (1.4 MB). Loaded Objects now: 4979.
Memory consumption went from 174.0 MB to 172.6 MB.
Total: 11.879500 ms (FindLiveObjects: 0.535800 ms CreateObjectMapping: 0.402800 ms MarkObjects: 9.115700 ms  DeleteObjects: 1.822600 ms)

AssetImportParameters requested are different than current active one (requested -> active):
  custom:video-decoder-ogg-theora: a1e56fd34408186e4bbccfd4996cb3dc -> 
  custom:container-muxer-webm: aa71ff27fc2769a1b78a27578f13a17b -> 
  custom:container-demuxer-webm: 4f35f7cbe854078d1ac9338744f61a02 -> 
  custom:video-encoder-webm-vp8: eb34c28f22e8b96e1ab97ce403110664 -> 
  custom:video-codec-MediaFoundation-h265: 746d11721c4dcdbdad8f713fa42b33f4 -> 
  custom:audio-encoder-webm-vorbis: bf7c407c2cedff20999df2af8eb42d56 -> 
  custom:framework-win-MediaFoundation: 216162199b28c13a410421893ffa2e32 -> 
  custom:container-demuxer-ogg: 62fdf1f143b41e24485cea50d1cbac27 -> 
  custom:video-decoder-webm-vp8: 9c59270c3fd7afecdb556c50c9e8de78 -> 
  custom:audio-decoder-ogg-vorbis: bf7c407c2cedff20999df2af8eb42d56 -> 
========================================================================
Received Prepare
Registering precompiled user dll's ...
Registered in 16.530299 seconds.
Begin MonoManager ReloadAssembly
Symbol file LoadedFromMemory doesn't match image D:\Program Files\Git\bin\Astro\planet\Library\PackageCache\com.unity.visualscripting@1.7.8\Editor\VisualScripting.Core\Dependencies\YamlDotNet\Unity.VisualScripting.YamlDotNet.dll
Symbol file LoadedFromMemory doesn't match image D:\Program Files\Git\bin\Astro\planet\Library\PackageCache\com.unity.visualscripting@1.7.8\Editor\VisualScripting.Core\Dependencies\DotNetZip\Unity.VisualScripting.IonicZip.dll
Native extension for WindowsStandalone target not found
Native extension for iOS target not found
Native extension for Android target not found
Native extension for WebGL target not found
Refreshing native plugins compatible for Editor in 5.82 ms, found 4 plugins.
Preloading 0 native plugins for Editor in 0.00 ms.
Mono: successfully reloaded assembly
- Completed reload, in 24.732 seconds
Domain Reload Profiling:
	ReloadAssembly (24751ms)
		BeginReloadAssembly (1026ms)
			ExecutionOrderSort (0ms)
			DisableScriptedObjects (46ms)
			BackupInstance (0ms)
			ReleaseScriptingObjects (0ms)
			CreateAndSetChildDomain (263ms)
		EndReloadAssembly (22958ms)
			LoadAssemblies (7322ms)
			RebuildTransferFunctionScriptingTraits (0ms)
			SetupTypeCache (3015ms)
			ReleaseScriptCaches (7ms)
			RebuildScriptCaches (1163ms)
			SetupLoadedEditorAssemblies (9099ms)
				LogAssemblyErrors (0ms)
				InitializePlatformSupportModulesInManaged (2488ms)
				SetLoadedEditorAssemblies (45ms)
				RefreshPlugins (6ms)
				BeforeProcessingInitializeOnLoad (2809ms)
				ProcessInitializeOnLoadAttributes (2934ms)
				ProcessInitializeOnLoadMethodAttributes (599ms)
				AfterProcessingInitializeOnLoad (217ms)
				EditorAssembliesLoaded (1ms)
			ExecutionOrderSort2 (0ms)
			AwakeInstancesAfterBackupRestoration (414ms)
Platform modules already initialized, skipping
Refreshing native plugins compatible for Editor in 465.96 ms, found 4 plugins.
Preloading 0 native plugins for Editor in 0.00 ms.
Unloading 4360 Unused Serialized files (Serialized files now loaded: 0)
Unloading 40 unused Assets / (1.4 MB). Loaded Objects now: 4982.
Memory consumption went from 174.1 MB to 172.6 MB.
Total: 128.580900 ms (FindLiveObjects: 4.469400 ms CreateObjectMapping: 2.495000 ms MarkObjects: 60.771800 ms  DeleteObjects: 60.839300 ms)

AssetImportParameters requested are different than current active one (requested -> active):
  custom:video-decoder-ogg-theora: a1e56fd34408186e4bbccfd4996cb3dc -> 
  custom:container-muxer-webm: aa71ff27fc2769a1b78a27578f13a17b -> 
  custom:container-demuxer-webm: 4f35f7cbe854078d1ac9338744f61a02 -> 
  custom:video-encoder-webm-vp8: eb34c28f22e8b96e1ab97ce403110664 -> 
  custom:video-codec-MediaFoundation-h265: 746d11721c4dcdbdad8f713fa42b33f4 -> 
  custom:audio-encoder-webm-vorbis: bf7c407c2cedff20999df2af8eb42d56 -> 
  custom:framework-win-MediaFoundation: 216162199b28c13a410421893ffa2e32 -> 
  custom:container-demuxer-ogg: 62fdf1f143b41e24485cea50d1cbac27 -> 
  custom:video-decoder-webm-vp8: 9c59270c3fd7afecdb556c50c9e8de78 -> 
  custom:audio-decoder-ogg-vorbis: bf7c407c2cedff20999df2af8eb42d56 -> 
========================================================================
Received Prepare
Registering precompiled user dll's ...
Registered in 0.126754 seconds.
Begin MonoManager ReloadAssembly
Symbol file LoadedFromMemory doesn't match image D:\Program Files\Git\bin\Astro\planet\Library\PackageCache\com.unity.visualscripting@1.7.8\Editor\VisualScripting.Core\Dependencies\YamlDotNet\Unity.VisualScripting.YamlDotNet.dll
Symbol file LoadedFromMemory doesn't match image D:\Program Files\Git\bin\Astro\planet\Library\PackageCache\com.unity.visualscripting@1.7.8\Editor\VisualScripting.Core\Dependencies\DotNetZip\Unity.VisualScripting.IonicZip.dll
Native extension for WindowsStandalone target not found
Native extension for iOS target not found
Native extension for Android target not found
Native extension for WebGL target not found
Refreshing native plugins compatible for Editor in 2.93 ms, found 4 plugins.
Preloading 0 native plugins for Editor in 0.00 ms.
Mono: successfully reloaded assembly
- Completed reload, in 13.097 seconds
Domain Reload Profiling:
	ReloadAssembly (13099ms)
		BeginReloadAssembly (2961ms)
			ExecutionOrderSort (0ms)
			DisableScriptedObjects (18ms)
			BackupInstance (0ms)
			ReleaseScriptingObjects (1ms)
			CreateAndSetChildDomain (108ms)
		EndReloadAssembly (9138ms)
			LoadAssemblies (2964ms)
			RebuildTransferFunctionScriptingTraits (0ms)
			SetupTypeCache (1863ms)
			ReleaseScriptCaches (6ms)
			RebuildScriptCaches (193ms)
			SetupLoadedEditorAssemblies (6099ms)
				LogAssemblyErrors (0ms)
				InitializePlatformSupportModulesInManaged (430ms)
				SetLoadedEditorAssemblies (4ms)
				RefreshPlugins (3ms)
				BeforeProcessingInitializeOnLoad (2747ms)
				ProcessInitializeOnLoadAttributes (1687ms)
				ProcessInitializeOnLoadMethodAttributes (1083ms)
				AfterProcessingInitializeOnLoad (144ms)
				EditorAssembliesLoaded (1ms)
			ExecutionOrderSort2 (0ms)
			AwakeInstancesAfterBackupRestoration (78ms)
Platform modules already initialized, skipping
Refreshing native plugins compatible for Editor in 32.59 ms, found 4 plugins.
Preloading 0 native plugins for Editor in 0.00 ms.
Unloading 4360 Unused Serialized files (Serialized files now loaded: 0)
Unloading 40 unused Assets / (1.4 MB). Loaded Objects now: 4985.
Memory consumption went from 174.0 MB to 172.6 MB.
Total: 11.434200 ms (FindLiveObjects: 0.769100 ms CreateObjectMapping: 0.677600 ms MarkObjects: 8.476600 ms  DeleteObjects: 1.508700 ms)

AssetImportParameters requested are different than current active one (requested -> active):
  custom:video-decoder-ogg-theora: a1e56fd34408186e4bbccfd4996cb3dc -> 
  custom:container-muxer-webm: aa71ff27fc2769a1b78a27578f13a17b -> 
  custom:container-demuxer-webm: 4f35f7cbe854078d1ac9338744f61a02 -> 
  custom:video-encoder-webm-vp8: eb34c28f22e8b96e1ab97ce403110664 -> 
  custom:video-codec-MediaFoundation-h265: 746d11721c4dcdbdad8f713fa42b33f4 -> 
  custom:audio-encoder-webm-vorbis: bf7c407c2cedff20999df2af8eb42d56 -> 
  custom:framework-win-MediaFoundation: 216162199b28c13a410421893ffa2e32 -> 
  custom:container-demuxer-ogg: 62fdf1f143b41e24485cea50d1cbac27 -> 
  custom:video-decoder-webm-vp8: 9c59270c3fd7afecdb556c50c9e8de78 -> 
  custom:audio-decoder-ogg-vorbis: bf7c407c2cedff20999df2af8eb42d56 -> 
========================================================================
Received Prepare
Registering precompiled user dll's ...
Registered in 0.135380 seconds.
Begin MonoManager ReloadAssembly
Symbol file LoadedFromMemory doesn't match image D:\Program Files\Git\bin\Astro\planet\Library\PackageCache\com.unity.visualscripting@1.7.8\Editor\VisualScripting.Core\Dependencies\YamlDotNet\Unity.VisualScripting.YamlDotNet.dll
Symbol file LoadedFromMemory doesn't match image D:\Program Files\Git\bin\Astro\planet\Library\PackageCache\com.unity.visualscripting@1.7.8\Editor\VisualScripting.Core\Dependencies\DotNetZip\Unity.VisualScripting.IonicZip.dll
Native extension for WindowsStandalone target not found
Native extension for iOS target not found
Native extension for Android target not found
Native extension for WebGL target not found
Refreshing native plugins compatible for Editor in 3.29 ms, found 4 plugins.
Preloading 0 native plugins for Editor in 0.00 ms.
Mono: successfully reloaded assembly
- Completed reload, in  9.334 seconds
Domain Reload Profiling:
	ReloadAssembly (9338ms)
		BeginReloadAssembly (969ms)
			ExecutionOrderSort (0ms)
			DisableScriptedObjects (19ms)
			BackupInstance (0ms)
			ReleaseScriptingObjects (0ms)
			CreateAndSetChildDomain (108ms)
		EndReloadAssembly (7740ms)
			LoadAssemblies (951ms)
			RebuildTransferFunctionScriptingTraits (0ms)
			SetupTypeCache (2499ms)
			ReleaseScriptCaches (4ms)
			RebuildScriptCaches (244ms)
			SetupLoadedEditorAssemblies (3612ms)
				LogAssemblyErrors (0ms)
				InitializePlatformSupportModulesInManaged (475ms)
				SetLoadedEditorAssemblies (6ms)
				RefreshPlugins (4ms)
				BeforeProcessingInitializeOnLoad (889ms)
				ProcessInitializeOnLoadAttributes (1528ms)
				ProcessInitializeOnLoadMethodAttributes (554ms)
				AfterProcessingInitializeOnLoad (155ms)
				EditorAssembliesLoaded (1ms)
			ExecutionOrderSort2 (0ms)
			AwakeInstancesAfterBackupRestoration (257ms)
Platform modules already initialized, skipping
Refreshing native plugins compatible for Editor in 29.87 ms, found 4 plugins.
Preloading 0 native plugins for Editor in 0.00 ms.
Unloading 4360 Unused Serialized files (Serialized files now loaded: 0)
Unloading 40 unused Assets / (1.4 MB). Loaded Objects now: 4988.
Memory consumption went from 174.0 MB to 172.6 MB.
Total: 480.211300 ms (FindLiveObjects: 316.171400 ms CreateObjectMapping: 72.008100 ms MarkObjects: 89.412000 ms  DeleteObjects: 2.614100 ms)

AssetImportParameters requested are different than current active one (requested -> active):
  custom:video-decoder-ogg-theora: a1e56fd34408186e4bbccfd4996cb3dc -> 
  custom:container-muxer-webm: aa71ff27fc2769a1b78a27578f13a17b -> 
  custom:container-demuxer-webm: 4f35f7cbe854078d1ac9338744f61a02 -> 
  custom:video-encoder-webm-vp8: eb34c28f22e8b96e1ab97ce403110664 -> 
  custom:video-codec-MediaFoundation-h265: 746d11721c4dcdbdad8f713fa42b33f4 -> 
  custom:audio-encoder-webm-vorbis: bf7c407c2cedff20999df2af8eb42d56 -> 
  custom:framework-win-MediaFoundation: 216162199b28c13a410421893ffa2e32 -> 
  custom:container-demuxer-ogg: 62fdf1f143b41e24485cea50d1cbac27 -> 
  custom:video-decoder-webm-vp8: 9c59270c3fd7afecdb556c50c9e8de78 -> 
  custom:audio-decoder-ogg-vorbis: bf7c407c2cedff20999df2af8eb42d56 -> 
========================================================================
Received Prepare
Registering precompiled user dll's ...
Registered in 0.437966 seconds.
Begin MonoManager ReloadAssembly
Symbol file LoadedFromMemory doesn't match image D:\Program Files\Git\bin\Astro\planet\Library\PackageCache\com.unity.visualscripting@1.7.8\Editor\VisualScripting.Core\Dependencies\YamlDotNet\Unity.VisualScripting.YamlDotNet.dll
Symbol file LoadedFromMemory doesn't match image D:\Program Files\Git\bin\Astro\planet\Library\PackageCache\com.unity.visualscripting@1.7.8\Editor\VisualScripting.Core\Dependencies\DotNetZip\Unity.VisualScripting.IonicZip.dll
Native extension for WindowsStandalone target not found
Native extension for iOS target not found
Native extension for Android target not found
Native extension for WebGL target not found
Refreshing native plugins compatible for Editor in 5.07 ms, found 4 plugins.
Preloading 0 native plugins for Editor in 0.00 ms.
Mono: successfully reloaded assembly
- Completed reload, in  8.434 seconds
Domain Reload Profiling:
	ReloadAssembly (8438ms)
		BeginReloadAssembly (1422ms)
			ExecutionOrderSort (0ms)
			DisableScriptedObjects (36ms)
			BackupInstance (0ms)
			ReleaseScriptingObjects (0ms)
			CreateAndSetChildDomain (149ms)
		EndReloadAssembly (5888ms)
			LoadAssemblies (1652ms)
			RebuildTransferFunctionScriptingTraits (0ms)
			SetupTypeCache (1746ms)
			ReleaseScriptCaches (3ms)
			RebuildScriptCaches (405ms)
			SetupLoadedEditorAssemblies (2276ms)
				LogAssemblyErrors (0ms)
				InitializePlatformSupportModulesInManaged (212ms)
				SetLoadedEditorAssemblies (2ms)
				RefreshPlugins (5ms)
				BeforeProcessingInitializeOnLoad (751ms)
				ProcessInitializeOnLoadAttributes (1028ms)
				ProcessInitializeOnLoadMethodAttributes (151ms)
				AfterProcessingInitializeOnLoad (126ms)
				EditorAssembliesLoaded (0ms)
			ExecutionOrderSort2 (0ms)
			AwakeInstancesAfterBackupRestoration (81ms)
Platform modules already initialized, skipping
Refreshing native plugins compatible for Editor in 16.58 ms, found 4 plugins.
Preloading 0 native plugins for Editor in 0.00 ms.
Unloading 4360 Unused Serialized files (Serialized files now loaded: 0)
Unloading 40 unused Assets / (1.4 MB). Loaded Objects now: 4991.
Memory consumption went from 174.0 MB to 172.6 MB.
Total: 11.837300 ms (FindLiveObjects: 0.788400 ms CreateObjectMapping: 2.038700 ms MarkObjects: 7.122400 ms  DeleteObjects: 1.885300 ms)

AssetImportParameters requested are different than current active one (requested -> active):
  custom:video-decoder-ogg-theora: a1e56fd34408186e4bbccfd4996cb3dc -> 
  custom:container-muxer-webm: aa71ff27fc2769a1b78a27578f13a17b -> 
  custom:container-demuxer-webm: 4f35f7cbe854078d1ac9338744f61a02 -> 
  custom:video-encoder-webm-vp8: eb34c28f22e8b96e1ab97ce403110664 -> 
  custom:video-codec-MediaFoundation-h265: 746d11721c4dcdbdad8f713fa42b33f4 -> 
  custom:audio-encoder-webm-vorbis: bf7c407c2cedff20999df2af8eb42d56 -> 
  custom:framework-win-MediaFoundation: 216162199b28c13a410421893ffa2e32 -> 
  custom:container-demuxer-ogg: 62fdf1f143b41e24485cea50d1cbac27 -> 
  custom:video-decoder-webm-vp8: 9c59270c3fd7afecdb556c50c9e8de78 -> 
  custom:audio-decoder-ogg-vorbis: bf7c407c2cedff20999df2af8eb42d56 -> 
