Using pre-set license
Built from '2021.3/staging' branch; Version is '2021.3.10f1 (1c7d0df0160b) revision 1867021'; Using compiler version '192829333'; Build Type 'Release'
OS: 'Windows 10  (10.0.19044) 64bit Professional' Language: 'ko' Physical Memory: 32712 MB
BatchMode: 1, IsHumanControllingUs: 0, StartBugReporterOnCrash: 0, Is64bit: 1, IsPro: 1

COMMAND LINE ARGUMENTS:
D:\unity\editor\2021.3.10f1\Editor\Unity.exe
-adb2
-batchMode
-noUpm
-name
AssetImportWorker0
-projectPath
D:/Astro1/Astro/planet
-logFile
Logs/AssetImportWorker0.log
-srvPort
8196
Successfully changed project path to: D:/Astro1/Astro/planet
D:/Astro1/Astro/planet
[UnityMemory] Configuration Parameters - Can be set up in boot.config
    "memorysetup-bucket-allocator-granularity=16"
    "memorysetup-bucket-allocator-bucket-count=8"
    "memorysetup-bucket-allocator-block-size=33554432"
    "memorysetup-bucket-allocator-block-count=8"
    "memorysetup-main-allocator-block-size=16777216"
    "memorysetup-thread-allocator-block-size=16777216"
    "memorysetup-gfx-main-allocator-block-size=16777216"
    "memorysetup-gfx-thread-allocator-block-size=16777216"
    "memorysetup-cache-allocator-block-size=4194304"
    "memorysetup-typetree-allocator-block-size=2097152"
    "memorysetup-profiler-bucket-allocator-granularity=16"
    "memorysetup-profiler-bucket-allocator-bucket-count=8"
    "memorysetup-profiler-bucket-allocator-block-size=33554432"
    "memorysetup-profiler-bucket-allocator-block-count=8"
    "memorysetup-profiler-allocator-block-size=16777216"
    "memorysetup-profiler-editor-allocator-block-size=1048576"
    "memorysetup-temp-allocator-size-main=16777216"
    "memorysetup-job-temp-allocator-block-size=2097152"
    "memorysetup-job-temp-allocator-block-size-background=1048576"
    "memorysetup-job-temp-allocator-reduction-small-platforms=262144"
    "memorysetup-temp-allocator-size-background-worker=32768"
    "memorysetup-temp-allocator-size-job-worker=262144"
    "memorysetup-temp-allocator-size-preload-manager=33554432"
    "memorysetup-temp-allocator-size-nav-mesh-worker=65536"
    "memorysetup-temp-allocator-size-audio-worker=65536"
    "memorysetup-temp-allocator-size-cloud-worker=32768"
    "memorysetup-temp-allocator-size-gi-baking-worker=262144"
    "memorysetup-temp-allocator-size-gfx=262144"
Refreshing native plugins compatible for Editor in 75.85 ms, found 4 plugins.
Preloading 0 native plugins for Editor in 0.00 ms.
Initialize engine version: 2021.3.10f1 (1c7d0df0160b)
[Subsystems] Discovering subsystems at path D:/unity/editor/2021.3.10f1/Editor/Data/Resources/UnitySubsystems
[Subsystems] Discovering subsystems at path D:/Astro1/Astro/planet/Assets
GfxDevice: creating device client; threaded=0; jobified=0
Direct3D:
    Version:  Direct3D 11.0 [level 11.1]
    Renderer: NVIDIA GeForce RTX 3070 Ti (ID=0x2482)
    Vendor:   NVIDIA
    VRAM:     8031 MB
    Driver:   31.0.15.2698
Initialize mono
Mono path[0] = 'D:/unity/editor/2021.3.10f1/Editor/Data/Managed'
Mono path[1] = 'D:/unity/editor/2021.3.10f1/Editor/Data/MonoBleedingEdge/lib/mono/unityjit-win32'
Mono config path = 'D:/unity/editor/2021.3.10f1/Editor/Data/MonoBleedingEdge/etc'
Using monoOptions --debugger-agent=transport=dt_socket,embedding=1,server=y,suspend=n,address=127.0.0.1:56808
Begin MonoManager ReloadAssembly
Registering precompiled unity dll's ...
Register platform support module: D:/unity/editor/2021.3.10f1/Editor/Data/PlaybackEngines/WindowsStandaloneSupport/UnityEditor.WindowsStandalone.Extensions.dll
Registered in 0.003412 seconds.
Native extension for WindowsStandalone target not found
Refreshing native plugins compatible for Editor in 88.45 ms, found 4 plugins.
Preloading 0 native plugins for Editor in 0.00 ms.
Mono: successfully reloaded assembly
- Completed reload, in  0.492 seconds
Domain Reload Profiling:
	ReloadAssembly (493ms)
		BeginReloadAssembly (58ms)
			ExecutionOrderSort (0ms)
			DisableScriptedObjects (0ms)
			BackupInstance (0ms)
			ReleaseScriptingObjects (0ms)
			CreateAndSetChildDomain (1ms)
		EndReloadAssembly (354ms)
			LoadAssemblies (56ms)
			RebuildTransferFunctionScriptingTraits (0ms)
			SetupTypeCache (75ms)
			ReleaseScriptCaches (0ms)
			RebuildScriptCaches (20ms)
			SetupLoadedEditorAssemblies (220ms)
				LogAssemblyErrors (0ms)
				InitializePlatformSupportModulesInManaged (6ms)
				SetLoadedEditorAssemblies (0ms)
				RefreshPlugins (89ms)
				BeforeProcessingInitializeOnLoad (1ms)
				ProcessInitializeOnLoadAttributes (91ms)
				ProcessInitializeOnLoadMethodAttributes (34ms)
				AfterProcessingInitializeOnLoad (0ms)
				EditorAssembliesLoaded (0ms)
			ExecutionOrderSort2 (0ms)
			AwakeInstancesAfterBackupRestoration (0ms)
Platform modules already initialized, skipping
Registering precompiled user dll's ...
Registered in 0.007229 seconds.
Begin MonoManager ReloadAssembly
Symbol file LoadedFromMemory doesn't match image D:\Astro1\Astro\planet\Library\PackageCache\com.unity.visualscripting@1.7.8\Editor\VisualScripting.Core\Dependencies\YamlDotNet\Unity.VisualScripting.YamlDotNet.dll
Symbol file LoadedFromMemory doesn't match image D:\Astro1\Astro\planet\Library\PackageCache\com.unity.visualscripting@1.7.8\Editor\VisualScripting.Core\Dependencies\DotNetZip\Unity.VisualScripting.IonicZip.dll
Native extension for WindowsStandalone target not found
Refreshing native plugins compatible for Editor in 73.50 ms, found 4 plugins.
Preloading 0 native plugins for Editor in 0.00 ms.
Mono: successfully reloaded assembly
- Completed reload, in  0.853 seconds
Domain Reload Profiling:
	ReloadAssembly (854ms)
		BeginReloadAssembly (88ms)
			ExecutionOrderSort (0ms)
			DisableScriptedObjects (5ms)
			BackupInstance (0ms)
			ReleaseScriptingObjects (0ms)
			CreateAndSetChildDomain (15ms)
		EndReloadAssembly (673ms)
			LoadAssemblies (71ms)
			RebuildTransferFunctionScriptingTraits (0ms)
			SetupTypeCache (174ms)
			ReleaseScriptCaches (1ms)
			RebuildScriptCaches (42ms)
			SetupLoadedEditorAssemblies (354ms)
				LogAssemblyErrors (0ms)
				InitializePlatformSupportModulesInManaged (3ms)
				SetLoadedEditorAssemblies (0ms)
				RefreshPlugins (74ms)
				BeforeProcessingInitializeOnLoad (75ms)
				ProcessInitializeOnLoadAttributes (164ms)
				ProcessInitializeOnLoadMethodAttributes (33ms)
				AfterProcessingInitializeOnLoad (6ms)
				EditorAssembliesLoaded (0ms)
			ExecutionOrderSort2 (0ms)
			AwakeInstancesAfterBackupRestoration (4ms)
Platform modules already initialized, skipping
========================================================================
Worker process is ready to serve import requests
Launched and connected shader compiler UnityShaderCompiler.exe after 0.04 seconds
Refreshing native plugins compatible for Editor in 0.67 ms, found 4 plugins.
Preloading 0 native plugins for Editor in 0.00 ms.
Unloading 4406 Unused Serialized files (Serialized files now loaded: 0)
Unloading 53 unused Assets / (1.4 MB). Loaded Objects now: 4848.
Memory consumption went from 173.2 MB to 171.8 MB.
Total: 3.320200 ms (FindLiveObjects: 0.272700 ms CreateObjectMapping: 0.229800 ms MarkObjects: 2.302800 ms  DeleteObjects: 0.514200 ms)

AssetImportParameters requested are different than current active one (requested -> active):
  custom:video-decoder-ogg-theora: a1e56fd34408186e4bbccfd4996cb3dc -> 
  custom:container-muxer-webm: aa71ff27fc2769a1b78a27578f13a17b -> 
  custom:container-demuxer-webm: 4f35f7cbe854078d1ac9338744f61a02 -> 
  custom:video-encoder-webm-vp8: eb34c28f22e8b96e1ab97ce403110664 -> 
  custom:audio-encoder-webm-vorbis: bf7c407c2cedff20999df2af8eb42d56 -> 
  custom:framework-win-MediaFoundation: 216162199b28c13a410421893ffa2e32 -> 
  custom:container-demuxer-ogg: 62fdf1f143b41e24485cea50d1cbac27 -> 
  custom:video-decoder-webm-vp8: 9c59270c3fd7afecdb556c50c9e8de78 -> 
  custom:audio-decoder-ogg-vorbis: bf7c407c2cedff20999df2af8eb42d56 -> 
========================================================================
Received Import Request.
  Time since last request: 15997.611544 seconds.
  path: Assets/gold.asset
  artifactKey: Guid(eadb3086f035f1d4487930b30ac753e1) Importer(815301076,1909f56bfc062723c751e8b465ee728b)
Start importing Assets/gold.asset using Guid(eadb3086f035f1d4487930b30ac753e1) Importer(815301076,1909f56bfc062723c751e8b465ee728b)  -> (artifact id: 'bddbbc65cc3ed073678ebfb8dd863f22') in 0.034875 seconds 
========================================================================
Received Import Request.
  Time since last request: 10.536394 seconds.
  path: Assets/03.Spine/Spine GameObject (Turret_1).prefab
  artifactKey: Guid(0239bf719effd8044a0a4cb301bfaa97) Importer(815301076,1909f56bfc062723c751e8b465ee728b)
Start importing Assets/03.Spine/Spine GameObject (Turret_1).prefab using Guid(0239bf719effd8044a0a4cb301bfaa97) Importer(815301076,1909f56bfc062723c751e8b465ee728b)  -> (artifact id: '31df20a5d9c161e5c7ff3869c1af8eff') in 0.236697 seconds 
========================================================================
Received Import Request.
  Time since last request: 4.907793 seconds.
  path: Assets/03.Spine/Export_final
  artifactKey: Guid(d91b857a3ec5cd9489ea7aea1d8d8462) Importer(815301076,1909f56bfc062723c751e8b465ee728b)
Start importing Assets/03.Spine/Export_final using Guid(d91b857a3ec5cd9489ea7aea1d8d8462) Importer(815301076,1909f56bfc062723c751e8b465ee728b)  -> (artifact id: 'd611882a597fb17e677d1da0f6e28fed') in 0.006246 seconds 
========================================================================
Received Import Request.
  Time since last request: 3.182058 seconds.
  path: Assets/03.Spine/Final
  artifactKey: Guid(d91b857a3ec5cd9489ea7aea1d8d8462) Importer(815301076,1909f56bfc062723c751e8b465ee728b)
Start importing Assets/03.Spine/Final using Guid(d91b857a3ec5cd9489ea7aea1d8d8462) Importer(815301076,1909f56bfc062723c751e8b465ee728b)  -> (artifact id: '0fac7f34aba316d234f9a5d18e3bb952') in 0.006649 seconds 
========================================================================
Received Import Request.
  Time since last request: 2.801701 seconds.
  path: Assets/04.Scenes
  artifactKey: Guid(131a6b21c8605f84396be9f6751fb6e3) Importer(815301076,1909f56bfc062723c751e8b465ee728b)
Start importing Assets/04.Scenes using Guid(131a6b21c8605f84396be9f6751fb6e3) Importer(815301076,1909f56bfc062723c751e8b465ee728b)  -> (artifact id: '87e4cf30f4d99ea02cff042432de4361') in 0.006144 seconds 
========================================================================
Received Import Request.
  Time since last request: 5.738018 seconds.
  path: Assets/04.Scenes/Gameover.unity
  artifactKey: Guid(b386c9d91e1ef204abc02791baac76a0) Importer(815301076,1909f56bfc062723c751e8b465ee728b)
Start importing Assets/04.Scenes/Gameover.unity using Guid(b386c9d91e1ef204abc02791baac76a0) Importer(815301076,1909f56bfc062723c751e8b465ee728b)  -> (artifact id: '61548f0bde5c1dcdf091747779ab6af7') in 0.006565 seconds 
========================================================================
Received Import Request.
  Time since last request: 2.774397 seconds.
  path: Assets/04.Scenes/MainScene.unity
  artifactKey: Guid(2cda990e2423bbf4892e6590ba056729) Importer(815301076,1909f56bfc062723c751e8b465ee728b)
Start importing Assets/04.Scenes/MainScene.unity using Guid(2cda990e2423bbf4892e6590ba056729) Importer(815301076,1909f56bfc062723c751e8b465ee728b)  -> (artifact id: '921f96b07e0fa1ecd50c0b403b5af349') in 0.006352 seconds 
========================================================================
Received Import Request.
  Time since last request: 5.819834 seconds.
  path: Assets/02.Prefab/Bullet.prefab
  artifactKey: Guid(83be4316ed9141e44a738909c5c11f8f) Importer(815301076,1909f56bfc062723c751e8b465ee728b)
Start importing Assets/02.Prefab/Bullet.prefab using Guid(83be4316ed9141e44a738909c5c11f8f) Importer(815301076,1909f56bfc062723c751e8b465ee728b)  -> (artifact id: 'a604913e0e1e00f3c7865b5a164c1860') in 0.025741 seconds 
========================================================================
Received Import Request.
  Time since last request: 0.000014 seconds.
  path: Assets/02.Prefab/Planet.prefab
  artifactKey: Guid(dafcc4644bc6da54aaeeec58b7fdde51) Importer(815301076,1909f56bfc062723c751e8b465ee728b)
Start importing Assets/02.Prefab/Planet.prefab using Guid(dafcc4644bc6da54aaeeec58b7fdde51) Importer(815301076,1909f56bfc062723c751e8b465ee728b)  -> (artifact id: 'ac5cd31f394f0b4ddf78e782b23172c9') in 0.012398 seconds 
========================================================================
Received Import Request.
  Time since last request: 0.000014 seconds.
  path: Assets/02.Prefab/Spine GameObject (Turret_1).prefab
  artifactKey: Guid(7d91b2f6a0da25c4bb2d6d54a87c2afa) Importer(815301076,1909f56bfc062723c751e8b465ee728b)
Start importing Assets/02.Prefab/Spine GameObject (Turret_1).prefab using Guid(7d91b2f6a0da25c4bb2d6d54a87c2afa) Importer(815301076,1909f56bfc062723c751e8b465ee728b)  -> (artifact id: '97a72d0c277976a8506fe78743473313') in 0.018437 seconds 
========================================================================
Received Import Request.
  Time since last request: 0.000023 seconds.
  path: Assets/02.Prefab/Turret.prefab
  artifactKey: Guid(4e095984350c2fb4cbcea90bdfb497a6) Importer(815301076,1909f56bfc062723c751e8b465ee728b)
Start importing Assets/02.Prefab/Turret.prefab using Guid(4e095984350c2fb4cbcea90bdfb497a6) Importer(815301076,1909f56bfc062723c751e8b465ee728b)  -> (artifact id: '772e606e93f8ee1ad4b3c33bb4e83fa6') in 0.011221 seconds 
========================================================================
Received Import Request.
  Time since last request: 0.000014 seconds.
  path: Assets/02.Prefab/PlayerStat.prefab
  artifactKey: Guid(7612c5d87a4f98c44b8d94bb79425c4a) Importer(815301076,1909f56bfc062723c751e8b465ee728b)
Start importing Assets/02.Prefab/PlayerStat.prefab using Guid(7612c5d87a4f98c44b8d94bb79425c4a) Importer(815301076,1909f56bfc062723c751e8b465ee728b)  -> (artifact id: '206be849ef3c41043789a9ba00012d87') in 0.009579 seconds 
========================================================================
Received Import Request.
  Time since last request: 0.996661 seconds.
  path: Assets/03.Spine/Final/character_1.png
  artifactKey: Guid(0fd095fb3d03d3a40bd7dea55d9b72d1) Importer(815301076,1909f56bfc062723c751e8b465ee728b)
Start importing Assets/03.Spine/Final/character_1.png using Guid(0fd095fb3d03d3a40bd7dea55d9b72d1) Importer(815301076,1909f56bfc062723c751e8b465ee728b)  -> (artifact id: 'f25510c418312b427096341b2f204818') in 0.038099 seconds 
========================================================================
Received Import Request.
  Time since last request: 0.000016 seconds.
  path: Assets/03.Spine/Final/character_2.png
  artifactKey: Guid(f7894ff8dea3a5f42901f6cf1744b5dc) Importer(815301076,1909f56bfc062723c751e8b465ee728b)
Start importing Assets/03.Spine/Final/character_2.png using Guid(f7894ff8dea3a5f42901f6cf1744b5dc) Importer(815301076,1909f56bfc062723c751e8b465ee728b)  -> (artifact id: 'fe9cfacf6aec6a6ce25bdd89b4bfb5c4') in 0.011009 seconds 
========================================================================
Received Import Request.
  Time since last request: 0.000015 seconds.
  path: Assets/03.Spine/Final/character_2_SkeletonData.asset
  artifactKey: Guid(5d148fdfe7748f044929e83943902086) Importer(815301076,1909f56bfc062723c751e8b465ee728b)
Start importing Assets/03.Spine/Final/character_2_SkeletonData.asset using Guid(5d148fdfe7748f044929e83943902086) Importer(815301076,1909f56bfc062723c751e8b465ee728b)  -> (artifact id: 'a5f06e058efd72730e20ae42c6cb2711') in 0.144249 seconds 
========================================================================
Received Import Request.
  Time since last request: 0.000070 seconds.
  path: Assets/03.Spine/Final/turret_Atlas.asset
  artifactKey: Guid(440c169cad07a0c448fde1396afabcfb) Importer(815301076,1909f56bfc062723c751e8b465ee728b)
Start importing Assets/03.Spine/Final/turret_Atlas.asset using Guid(440c169cad07a0c448fde1396afabcfb) Importer(815301076,1909f56bfc062723c751e8b465ee728b)  -> (artifact id: '7f2955f7d3c0c46837cdec7f511d589e') in 0.007564 seconds 
========================================================================
Received Import Request.
  Time since last request: 0.000021 seconds.
  path: Assets/03.Spine/Final/character_1_SkeletonData.asset
  artifactKey: Guid(d88f8c1f3a7368940a33cd93dcb3f574) Importer(815301076,1909f56bfc062723c751e8b465ee728b)
Start importing Assets/03.Spine/Final/character_1_SkeletonData.asset using Guid(d88f8c1f3a7368940a33cd93dcb3f574) Importer(815301076,1909f56bfc062723c751e8b465ee728b)  -> (artifact id: 'f2e76d37cbb2c4be5e10f4080efdb997') in 0.034021 seconds 
========================================================================
Received Import Request.
  Time since last request: 0.000014 seconds.
  path: Assets/03.Spine/Final/turret_Material.mat
  artifactKey: Guid(4794a1217ab05694d94a1568b1f3c78e) Importer(815301076,1909f56bfc062723c751e8b465ee728b)
Start importing Assets/03.Spine/Final/turret_Material.mat using Guid(4794a1217ab05694d94a1568b1f3c78e) Importer(815301076,1909f56bfc062723c751e8b465ee728b)  -> (artifact id: '4e108552d82923f4af31dd219686e7e3') in 0.021969 seconds 
========================================================================
Received Prepare
Registering precompiled user dll's ...
Registered in 0.008000 seconds.
Begin MonoManager ReloadAssembly
Symbol file LoadedFromMemory doesn't match image D:\Astro1\Astro\planet\Library\PackageCache\com.unity.visualscripting@1.7.8\Editor\VisualScripting.Core\Dependencies\YamlDotNet\Unity.VisualScripting.YamlDotNet.dll
Symbol file LoadedFromMemory doesn't match image D:\Astro1\Astro\planet\Library\PackageCache\com.unity.visualscripting@1.7.8\Editor\VisualScripting.Core\Dependencies\DotNetZip\Unity.VisualScripting.IonicZip.dll
Native extension for WindowsStandalone target not found
Refreshing native plugins compatible for Editor in 0.78 ms, found 4 plugins.
Preloading 0 native plugins for Editor in 0.00 ms.
Mono: successfully reloaded assembly
- Completed reload, in  0.776 seconds
Domain Reload Profiling:
	ReloadAssembly (776ms)
		BeginReloadAssembly (102ms)
			ExecutionOrderSort (0ms)
			DisableScriptedObjects (5ms)
			BackupInstance (0ms)
			ReleaseScriptingObjects (0ms)
			CreateAndSetChildDomain (31ms)
		EndReloadAssembly (601ms)
			LoadAssemblies (66ms)
			RebuildTransferFunctionScriptingTraits (0ms)
			SetupTypeCache (177ms)
			ReleaseScriptCaches (1ms)
			RebuildScriptCaches (36ms)
			SetupLoadedEditorAssemblies (277ms)
				LogAssemblyErrors (0ms)
				InitializePlatformSupportModulesInManaged (10ms)
				SetLoadedEditorAssemblies (0ms)
				RefreshPlugins (1ms)
				BeforeProcessingInitializeOnLoad (65ms)
				ProcessInitializeOnLoadAttributes (159ms)
				ProcessInitializeOnLoadMethodAttributes (35ms)
				AfterProcessingInitializeOnLoad (7ms)
				EditorAssembliesLoaded (0ms)
			ExecutionOrderSort2 (0ms)
			AwakeInstancesAfterBackupRestoration (6ms)
Platform modules already initialized, skipping
Refreshing native plugins compatible for Editor in 2.29 ms, found 4 plugins.
Preloading 0 native plugins for Editor in 0.00 ms.
Unloading 4354 Unused Serialized files (Serialized files now loaded: 0)
Unloading 40 unused Assets / (1.4 MB). Loaded Objects now: 4897.
Memory consumption went from 173.3 MB to 171.9 MB.
Total: 3.387100 ms (FindLiveObjects: 0.280700 ms CreateObjectMapping: 0.175900 ms MarkObjects: 2.376400 ms  DeleteObjects: 0.553000 ms)

AssetImportParameters requested are different than current active one (requested -> active):
  custom:video-decoder-ogg-theora: a1e56fd34408186e4bbccfd4996cb3dc -> 
  custom:container-muxer-webm: aa71ff27fc2769a1b78a27578f13a17b -> 
  custom:container-demuxer-webm: 4f35f7cbe854078d1ac9338744f61a02 -> 
  custom:video-encoder-webm-vp8: eb34c28f22e8b96e1ab97ce403110664 -> 
  custom:audio-encoder-webm-vorbis: bf7c407c2cedff20999df2af8eb42d56 -> 
  custom:framework-win-MediaFoundation: 216162199b28c13a410421893ffa2e32 -> 
  custom:container-demuxer-ogg: 62fdf1f143b41e24485cea50d1cbac27 -> 
  custom:video-decoder-webm-vp8: 9c59270c3fd7afecdb556c50c9e8de78 -> 
  custom:audio-decoder-ogg-vorbis: bf7c407c2cedff20999df2af8eb42d56 -> 
========================================================================
Received Prepare
Registering precompiled user dll's ...
Registered in 0.007020 seconds.
Begin MonoManager ReloadAssembly
Symbol file LoadedFromMemory doesn't match image D:\Astro1\Astro\planet\Library\PackageCache\com.unity.visualscripting@1.7.8\Editor\VisualScripting.Core\Dependencies\YamlDotNet\Unity.VisualScripting.YamlDotNet.dll
Symbol file LoadedFromMemory doesn't match image D:\Astro1\Astro\planet\Library\PackageCache\com.unity.visualscripting@1.7.8\Editor\VisualScripting.Core\Dependencies\DotNetZip\Unity.VisualScripting.IonicZip.dll
Native extension for WindowsStandalone target not found
Refreshing native plugins compatible for Editor in 0.70 ms, found 4 plugins.
Preloading 0 native plugins for Editor in 0.00 ms.
Mono: successfully reloaded assembly
- Completed reload, in  0.802 seconds
Domain Reload Profiling:
	ReloadAssembly (804ms)
		BeginReloadAssembly (100ms)
			ExecutionOrderSort (0ms)
			DisableScriptedObjects (5ms)
			BackupInstance (0ms)
			ReleaseScriptingObjects (0ms)
			CreateAndSetChildDomain (28ms)
		EndReloadAssembly (626ms)
			LoadAssemblies (69ms)
			RebuildTransferFunctionScriptingTraits (0ms)
			SetupTypeCache (186ms)
			ReleaseScriptCaches (1ms)
			RebuildScriptCaches (36ms)
			SetupLoadedEditorAssemblies (285ms)
				LogAssemblyErrors (0ms)
				InitializePlatformSupportModulesInManaged (10ms)
				SetLoadedEditorAssemblies (0ms)
				RefreshPlugins (1ms)
				BeforeProcessingInitializeOnLoad (65ms)
				ProcessInitializeOnLoadAttributes (168ms)
				ProcessInitializeOnLoadMethodAttributes (34ms)
				AfterProcessingInitializeOnLoad (7ms)
				EditorAssembliesLoaded (0ms)
			ExecutionOrderSort2 (0ms)
			AwakeInstancesAfterBackupRestoration (7ms)
Platform modules already initialized, skipping
Refreshing native plugins compatible for Editor in 2.35 ms, found 4 plugins.
Preloading 0 native plugins for Editor in 0.00 ms.
Unloading 4354 Unused Serialized files (Serialized files now loaded: 0)
Unloading 40 unused Assets / (1.4 MB). Loaded Objects now: 4900.
Memory consumption went from 173.3 MB to 172.0 MB.
Total: 3.293000 ms (FindLiveObjects: 0.282800 ms CreateObjectMapping: 0.098600 ms MarkObjects: 2.352300 ms  DeleteObjects: 0.558500 ms)

AssetImportParameters requested are different than current active one (requested -> active):
  custom:video-decoder-ogg-theora: a1e56fd34408186e4bbccfd4996cb3dc -> 
  custom:container-muxer-webm: aa71ff27fc2769a1b78a27578f13a17b -> 
  custom:container-demuxer-webm: 4f35f7cbe854078d1ac9338744f61a02 -> 
  custom:video-encoder-webm-vp8: eb34c28f22e8b96e1ab97ce403110664 -> 
  custom:audio-encoder-webm-vorbis: bf7c407c2cedff20999df2af8eb42d56 -> 
  custom:framework-win-MediaFoundation: 216162199b28c13a410421893ffa2e32 -> 
  custom:container-demuxer-ogg: 62fdf1f143b41e24485cea50d1cbac27 -> 
  custom:video-decoder-webm-vp8: 9c59270c3fd7afecdb556c50c9e8de78 -> 
  custom:audio-decoder-ogg-vorbis: bf7c407c2cedff20999df2af8eb42d56 -> 
========================================================================
Received Prepare
Registering precompiled user dll's ...
Registered in 0.007641 seconds.
Begin MonoManager ReloadAssembly
Symbol file LoadedFromMemory doesn't match image D:\Astro1\Astro\planet\Library\PackageCache\com.unity.visualscripting@1.7.8\Editor\VisualScripting.Core\Dependencies\YamlDotNet\Unity.VisualScripting.YamlDotNet.dll
Symbol file LoadedFromMemory doesn't match image D:\Astro1\Astro\planet\Library\PackageCache\com.unity.visualscripting@1.7.8\Editor\VisualScripting.Core\Dependencies\DotNetZip\Unity.VisualScripting.IonicZip.dll
Native extension for WindowsStandalone target not found
Refreshing native plugins compatible for Editor in 0.90 ms, found 4 plugins.
Preloading 0 native plugins for Editor in 0.00 ms.
Mono: successfully reloaded assembly
- Completed reload, in  0.785 seconds
Domain Reload Profiling:
	ReloadAssembly (786ms)
		BeginReloadAssembly (100ms)
			ExecutionOrderSort (0ms)
			DisableScriptedObjects (6ms)
			BackupInstance (0ms)
			ReleaseScriptingObjects (0ms)
			CreateAndSetChildDomain (28ms)
		EndReloadAssembly (605ms)
			LoadAssemblies (70ms)
			RebuildTransferFunctionScriptingTraits (0ms)
			SetupTypeCache (179ms)
			ReleaseScriptCaches (1ms)
			RebuildScriptCaches (35ms)
			SetupLoadedEditorAssemblies (275ms)
				LogAssemblyErrors (0ms)
				InitializePlatformSupportModulesInManaged (10ms)
				SetLoadedEditorAssemblies (1ms)
				RefreshPlugins (1ms)
				BeforeProcessingInitializeOnLoad (63ms)
				ProcessInitializeOnLoadAttributes (160ms)
				ProcessInitializeOnLoadMethodAttributes (34ms)
				AfterProcessingInitializeOnLoad (7ms)
				EditorAssembliesLoaded (0ms)
			ExecutionOrderSort2 (0ms)
			AwakeInstancesAfterBackupRestoration (7ms)
Platform modules already initialized, skipping
Refreshing native plugins compatible for Editor in 2.63 ms, found 4 plugins.
Preloading 0 native plugins for Editor in 0.00 ms.
Unloading 4354 Unused Serialized files (Serialized files now loaded: 0)
Unloading 40 unused Assets / (1.3 MB). Loaded Objects now: 4903.
Memory consumption went from 173.3 MB to 172.0 MB.
Total: 3.203700 ms (FindLiveObjects: 0.240000 ms CreateObjectMapping: 0.092100 ms MarkObjects: 2.304700 ms  DeleteObjects: 0.566000 ms)

AssetImportParameters requested are different than current active one (requested -> active):
  custom:video-decoder-ogg-theora: a1e56fd34408186e4bbccfd4996cb3dc -> 
  custom:container-muxer-webm: aa71ff27fc2769a1b78a27578f13a17b -> 
  custom:container-demuxer-webm: 4f35f7cbe854078d1ac9338744f61a02 -> 
  custom:video-encoder-webm-vp8: eb34c28f22e8b96e1ab97ce403110664 -> 
  custom:audio-encoder-webm-vorbis: bf7c407c2cedff20999df2af8eb42d56 -> 
  custom:framework-win-MediaFoundation: 216162199b28c13a410421893ffa2e32 -> 
  custom:container-demuxer-ogg: 62fdf1f143b41e24485cea50d1cbac27 -> 
  custom:video-decoder-webm-vp8: 9c59270c3fd7afecdb556c50c9e8de78 -> 
  custom:audio-decoder-ogg-vorbis: bf7c407c2cedff20999df2af8eb42d56 -> 
